{"meta": {"format": 3, "version": "7.13.5", "timestamp": "2026-04-18T10:53:12.196223", "branch_coverage": false, "show_contexts": false}, "files": {"api/metrics.py": {"executed_lines": [3, 5, 10, 12, 17, 19, 24, 26, 31], "summary": {"covered_lines": 9, "num_statements": 9, "percent_covered": 100.0, "percent_covered_display": "100", "missing_lines": 0, "excluded_lines": 0, "percent_statements_covered": 100.0, "percent_statements_covered_display": "100"}, "missing_lines": [], "excluded_lines": [], "functions": {"": {"executed_lines": [3, 5, 10, 12, 17, 19, 24, 26, 31], "summary": {"covered_lines": 9, "num_statements": 9, "percent_covered": 100.0, "percent_covered_display": "100", "missing_lines": 0, "excluded_lines": 0, "percent_statements_covered": 100.0, "percent_statements_covered_display": "100"}, "missing_lines": [], "excluded_lines": [], "start_line": 1}}, "classes": {"": {"executed_lines": [3, 5, 10, 12, 17, 19, 24, 26, 31], "summary": {"covered_lines": 9, "num_statements": 9, "percent_covered": 100.0, "percent_covered_display": "100", "missing_lines": 0, "excluded_lines": 0, "percent_statements_covered": 100.0, "percent_statements_covered_display": "100"}, "missing_lines": [], "excluded_lines": [], "start_line": 1}}}, "config/auth.py": {"executed_lines": [12, 14, 15, 16, 17, 18, 19, 20, 22, 23, 24, 25, 27, 29, 31, 32, 33, 35, 36, 39, 43, 44, 45, 46, 47, 48, 56, 114, 251, 280, 317, 367, 383, 425, 427, 428, 429, 430, 433, 516, 607, 633, 635, 636, 637, 638, 639, 640, 641, 644, 646, 647, 648, 649, 650, 655, 657, 658, 659, 662, 663, 664, 676, 753, 783, 879], "summary": {"covered_lines": 66, "num_statements": 401, "percent_covered": 16.458852867830423, "percent_covered_display": "16", "missing_lines": 335, "excluded_lines": 0, "percent_statements_covered": 16.458852867830423, "percent_statements_covered_display": "16"}, "missing_lines": [40, 68, 69, 71, 72, 74, 75, 86, 94, 95, 96, 98, 100, 107, 108, 109, 111, 131, 133, 135, 137, 138, 147, 148, 150, 151, 153, 154, 155, 156, 157, 158, 159, 166, 167, 170, 171, 172, 173, 180, 182, 183, 184, 185, 186, 192, 193, 196, 198, 200, 201, 202, 203, 205, 206, 209, 211, 212, 213, 214, 216, 217, 218, 219, 220, 221, 224, 226, 229, 230, 232, 241, 242, 243, 245, 248, 253, 254, 256, 262, 263, 265, 267, 268, 270, 271, 272, 282, 283, 285, 286, 287, 289, 294, 299, 301, 302, 303, 310, 311, 312, 313, 314, 319, 320, 322, 323, 324, 325, 326, 327, 328, 331, 333, 339, 341, 346, 347, 349, 350, 352, 353, 354, 355, 360, 361, 362, 364, 369, 370, 372, 373, 374, 375, 376, 377, 380, 387, 388, 390, 391, 393, 394, 395, 396, 397, 399, 404, 405, 407, 408, 410, 411, 416, 417, 419, 420, 422, 447, 454, 455, 456, 457, 460, 461, 462, 465, 466, 467, 473, 474, 475, 476, 477, 478, 483, 484, 485, 491, 492, 493, 494, 495, 496, 497, 498, 500, 501, 502, 503, 504, 505, 507, 508, 521, 522, 523, 525, 527, 528, 529, 530, 533, 534, 535, 537, 539, 548, 549, 551, 552, 553, 554, 555, 556, 557, 558, 561, 562, 563, 564, 566, 567, 568, 569, 572, 573, 576, 577, 578, 579, 581, 582, 585, 586, 587, 588, 589, 590, 591, 594, 600, 601, 602, 604, 617, 619, 620, 621, 625, 651, 652, 660, 661, 665, 666, 686, 688, 691, 692, 697, 700, 701, 716, 717, 718, 719, 720, 723, 727, 728, 737, 739, 740, 742, 743, 745, 746, 750, 763, 765, 766, 768, 773, 775, 776, 780, 785, 787, 788, 791, 792, 793, 798, 801, 802, 807, 812, 814, 818, 819, 820, 821, 823, 824, 825, 826, 828, 829, 830, 836, 839, 840, 841, 842, 843, 848, 849, 850, 853, 854, 856, 857, 858, 861, 862, 863, 864, 865, 870, 871, 872, 875, 876, 880], "excluded_lines": [], "functions": {"_is_headless": {"executed_lines": [], "summary": {"covered_lines": 0, "num_statements": 1, "percent_covered": 0.0, "percent_covered_display": "0", "missing_lines": 1, "excluded_lines": 0, "percent_statements_covered": 0.0, "percent_statements_covered_display": "0"}, "missing_lines": [40], "excluded_lines": [], "start_line": 39}, "_keyring_available": {"executed_lines": [44, 45, 46, 47, 48], "summary": {"covered_lines": 5, "num_statements": 5, "percent_covered": 100.0, "percent_covered_display": "100", "missing_lines": 0, "excluded_lines": 0, "percent_statements_covered": 100.0, "percent_statements_covered_display": "100"}, "missing_lines": [], "excluded_lines": [], "start_line": 43}, "azure_device_flow": {"executed_lines": [], "summary": {"covered_lines": 0, "num_statements": 15, "percent_covered": 0.0, "percent_covered_display": "0", "missing_lines": 15, "excluded_lines": 0, "percent_statements_covered": 0.0, "percent_statements_covered_display": "0"}, "missing_lines": [68, 69, 71, 72, 74, 86, 94, 95, 96, 98, 100, 107, 108, 109, 111], "excluded_lines": [], "start_line": 56}, "azure_device_flow._prompt": {"executed_lines": [], "summary": {"covered_lines": 0, "num_statements": 1, "percent_covered": 0.0, "percent_covered_display": "0", "missing_lines": 1, "excluded_lines": 0, "percent_statements_covered": 0.0, "percent_statements_covered_display": "0"}, "missing_lines": [75], "excluded_lines": [], "start_line": 74}, "azure_auth_interactive": {"executed_lines": [], "summary": {"covered_lines": 0, "num_statements": 59, "percent_covered": 0.0, "percent_covered_display": "0", "missing_lines": 59, "excluded_lines": 0, "percent_statements_covered": 0.0, "percent_statements_covered_display": "0"}, "missing_lines": [131, 133, 135, 137, 138, 147, 148, 150, 151, 153, 154, 155, 156, 157, 158, 159, 166, 167, 170, 171, 172, 173, 180, 182, 183, 184, 185, 186, 192, 193, 196, 198, 200, 201, 202, 203, 205, 206, 209, 211, 212, 213, 214, 216, 217, 218, 219, 220, 221, 224, 226, 229, 230, 232, 241, 242, 243, 245, 248], "excluded_lines": [], "start_line": 114}, "_build_credential_from_meta": {"executed_lines": [], "summary": {"covered_lines": 0, "num_statements": 11, "percent_covered": 0.0, "percent_covered_display": "0", "missing_lines": 11, "excluded_lines": 0, "percent_statements_covered": 0.0, "percent_statements_covered_display": "0"}, "missing_lines": [253, 254, 256, 262, 263, 265, 267, 268, 270, 271, 272], "excluded_lines": [], "start_line": 251}, "_discover_azure_subscriptions": {"executed_lines": [], "summary": {"covered_lines": 0, "num_statements": 16, "percent_covered": 0.0, "percent_covered_display": "0", "missing_lines": 16, "excluded_lines": 0, "percent_statements_covered": 0.0, "percent_statements_covered_display": "0"}, "missing_lines": [282, 283, 285, 286, 287, 289, 294, 299, 301, 302, 303, 310, 311, 312, 313, 314], "excluded_lines": [], "start_line": 280}, "_select_azure_subscriptions": {"executed_lines": [], "summary": {"covered_lines": 0, "num_statements": 25, "percent_covered": 0.0, "percent_covered_display": "0", "missing_lines": 25, "excluded_lines": 0, "percent_statements_covered": 0.0, "percent_statements_covered_display": "0"}, "missing_lines": [319, 320, 322, 323, 324, 325, 326, 327, 328, 331, 333, 339, 341, 346, 347, 349, 350, 352, 353, 354, 355, 360, 361, 362, 364], "excluded_lines": [], "start_line": 317}, "_discover_azure_resource_groups": {"executed_lines": [], "summary": {"covered_lines": 0, "num_statements": 9, "percent_covered": 0.0, "percent_covered_display": "0", "missing_lines": 9, "excluded_lines": 0, "percent_statements_covered": 0.0, "percent_statements_covered_display": "0"}, "missing_lines": [369, 370, 372, 373, 374, 375, 376, 377, 380], "excluded_lines": [], "start_line": 367}, "_select_azure_resource_groups": {"executed_lines": [], "summary": {"covered_lines": 0, "num_statements": 21, "percent_covered": 0.0, "percent_covered_display": "0", "missing_lines": 21, "excluded_lines": 0, "percent_statements_covered": 0.0, "percent_statements_covered_display": "0"}, "missing_lines": [387, 388, 390, 391, 393, 394, 395, 396, 397, 399, 404, 405, 407, 408, 410, 411, 416, 417, 419, 420, 422], "excluded_lines": [], "start_line": 383}, "get_azure_subscription_selections": {"executed_lines": [427, 428, 429, 430], "summary": {"covered_lines": 4, "num_statements": 4, "percent_covered": 100.0, "percent_covered_display": "100", "missing_lines": 0, "excluded_lines": 0, "percent_statements_covered": 100.0, "percent_statements_covered_display": "100"}, "missing_lines": [], "excluded_lines": [], "start_line": 425}, "get_azure_credential": {"executed_lines": [], "summary": {"covered_lines": 0, "num_statements": 36, "percent_covered": 0.0, "percent_covered_display": "0", "missing_lines": 36, "excluded_lines": 0, "percent_statements_covered": 0.0, "percent_statements_covered_display": "0"}, "missing_lines": [447, 454, 455, 456, 457, 460, 461, 462, 465, 466, 467, 473, 474, 475, 476, 477, 478, 483, 484, 485, 491, 492, 493, 494, 495, 496, 497, 498, 500, 501, 502, 503, 504, 505, 507, 508], "excluded_lines": [], "start_line": 433}, "gcp_auth_interactive": {"executed_lines": [], "summary": {"covered_lines": 0, "num_statements": 51, "percent_covered": 0.0, "percent_covered_display": "0", "missing_lines": 51, "excluded_lines": 0, "percent_statements_covered": 0.0, "percent_statements_covered_display": "0"}, "missing_lines": [521, 522, 523, 525, 527, 528, 529, 530, 533, 534, 535, 537, 539, 548, 549, 551, 552, 553, 554, 555, 556, 557, 558, 561, 562, 563, 564, 566, 567, 568, 569, 572, 573, 576, 577, 578, 579, 581, 582, 585, 586, 587, 588, 589, 590, 591, 594, 600, 601, 602, 604], "excluded_lines": [], "start_line": 516}, "get_gcp_credentials": {"executed_lines": [], "summary": {"covered_lines": 0, "num_statements": 5, "percent_covered": 0.0, "percent_covered_display": "0", "missing_lines": 5, "excluded_lines": 0, "percent_statements_covered": 0.0, "percent_statements_covered_display": "0"}, "missing_lines": [617, 619, 620, 621, 625], "excluded_lines": [], "start_line": 607}, "get_saved_azure_meta": {"executed_lines": [635, 636, 637, 638, 639, 640, 641], "summary": {"covered_lines": 7, "num_statements": 7, "percent_covered": 100.0, "percent_covered_display": "100", "missing_lines": 0, "excluded_lines": 0, "percent_statements_covered": 100.0, "percent_statements_covered_display": "100"}, "missing_lines": [], "excluded_lines": [], "start_line": 633}, "get_saved_gcp_meta": {"executed_lines": [646, 647, 648, 649, 650], "summary": {"covered_lines": 5, "num_statements": 7, "percent_covered": 71.42857142857143, "percent_covered_display": "71", "missing_lines": 2, "excluded_lines": 0, "percent_statements_covered": 71.42857142857143, "percent_statements_covered_display": "71"}, "missing_lines": [651, 652], "excluded_lines": [], "start_line": 644}, "clear_credentials": {"executed_lines": [657, 658, 659, 662, 663, 664], "summary": {"covered_lines": 6, "num_statements": 10, "percent_covered": 60.0, "percent_covered_display": "60", "missing_lines": 4, "excluded_lines": 0, "percent_statements_covered": 60.0, "percent_statements_covered_display": "60"}, "missing_lines": [660, 661, 665, 666], "excluded_lines": [], "start_line": 655}, "push_config_to_api": {"executed_lines": [], "summary": {"covered_lines": 0, "num_statements": 23, "percent_covered": 0.0, "percent_covered_display": "0", "missing_lines": 23, "excluded_lines": 0, "percent_statements_covered": 0.0, "percent_statements_covered_display": "0"}, "missing_lines": [686, 688, 691, 692, 697, 700, 701, 716, 717, 718, 719, 720, 723, 727, 728, 737, 739, 740, 742, 743, 745, 746, 750], "excluded_lines": [], "start_line": 676}, "run_extractor_via_api": {"executed_lines": [], "summary": {"covered_lines": 0, "num_statements": 8, "percent_covered": 0.0, "percent_covered_display": "0", "missing_lines": 8, "excluded_lines": 0, "percent_statements_covered": 0.0, "percent_statements_covered_display": "0"}, "missing_lines": [763, 765, 766, 768, 773, 775, 776, 780], "excluded_lines": [], "start_line": 753}, "main": {"executed_lines": [], "summary": {"covered_lines": 0, "num_statements": 47, "percent_covered": 0.0, "percent_covered_display": "0", "missing_lines": 47, "excluded_lines": 0, "percent_statements_covered": 0.0, "percent_statements_covered_display": "0"}, "missing_lines": [785, 787, 788, 791, 792, 793, 798, 801, 802, 807, 812, 814, 818, 819, 820, 821, 823, 824, 825, 826, 828, 829, 830, 836, 839, 840, 841, 842, 843, 848, 849, 850, 853, 854, 856, 857, 858, 861, 862, 863, 864, 865, 870, 871, 872, 875, 876], "excluded_lines": [], "start_line": 783}, "": {"executed_lines": [12, 14, 15, 16, 17, 18, 19, 20, 22, 23, 24, 25, 27, 29, 31, 32, 33, 35, 36, 39, 43, 56, 114, 251, 280, 317, 367, 383, 425, 433, 516, 607, 633, 644, 655, 676, 753, 783, 879], "summary": {"covered_lines": 39, "num_statements": 40, "percent_covered": 97.5, "percent_covered_display": "98", "missing_lines": 1, "excluded_lines": 0, "percent_statements_covered": 97.5, "percent_statements_covered_display": "98"}, "missing_lines": [880], "excluded_lines": [], "start_line": 1}}, "classes": {"": {"executed_lines": [12, 14, 15, 16, 17, 18, 19, 20, 22, 23, 24, 25, 27, 29, 31, 32, 33, 35, 36, 39, 43, 44, 45, 46, 47, 48, 56, 114, 251, 280, 317, 367, 383, 425, 427, 428, 429, 430, 433, 516, 607, 633, 635, 636, 637, 638, 639, 640, 641, 644, 646, 647, 648, 649, 650, 655, 657, 658, 659, 662, 663, 664, 676, 753, 783, 879], "summary": {"covered_lines": 66, "num_statements": 401, "percent_covered": 16.458852867830423, "percent_covered_display": "16", "missing_lines": 335, "excluded_lines": 0, "percent_statements_covered": 16.458852867830423, "percent_statements_covered_display": "16"}, "missing_lines": [40, 68, 69, 71, 72, 74, 75, 86, 94, 95, 96, 98, 100, 107, 108, 109, 111, 131, 133, 135, 137, 138, 147, 148, 150, 151, 153, 154, 155, 156, 157, 158, 159, 166, 167, 170, 171, 172, 173, 180, 182, 183, 184, 185, 186, 192, 193, 196, 198, 200, 201, 202, 203, 205, 206, 209, 211, 212, 213, 214, 216, 217, 218, 219, 220, 221, 224, 226, 229, 230, 232, 241, 242, 243, 245, 248, 253, 254, 256, 262, 263, 265, 267, 268, 270, 271, 272, 282, 283, 285, 286, 287, 289, 294, 299, 301, 302, 303, 310, 311, 312, 313, 314, 319, 320, 322, 323, 324, 325, 326, 327, 328, 331, 333, 339, 341, 346, 347, 349, 350, 352, 353, 354, 355, 360, 361, 362, 364, 369, 370, 372, 373, 374, 375, 376, 377, 380, 387, 388, 390, 391, 393, 394, 395, 396, 397, 399, 404, 405, 407, 408, 410, 411, 416, 417, 419, 420, 422, 447, 454, 455, 456, 457, 460, 461, 462, 465, 466, 467, 473, 474, 475, 476, 477, 478, 483, 484, 485, 491, 492, 493, 494, 495, 496, 497, 498, 500, 501, 502, 503, 504, 505, 507, 508, 521, 522, 523, 525, 527, 528, 529, 530, 533, 534, 535, 537, 539, 548, 549, 551, 552, 553, 554, 555, 556, 557, 558, 561, 562, 563, 564, 566, 567, 568, 569, 572, 573, 576, 577, 578, 579, 581, 582, 585, 586, 587, 588, 589, 590, 591, 594, 600, 601, 602, 604, 617, 619, 620, 621, 625, 651, 652, 660, 661, 665, 666, 686, 688, 691, 692, 697, 700, 701, 716, 717, 718, 719, 720, 723, 727, 728, 737, 739, 740, 742, 743, 745, 746, 750, 763, 765, 766, 768, 773, 775, 776, 780, 785, 787, 788, 791, 792, 793, 798, 801, 802, 807, 812, 814, 818, 819, 820, 821, 823, 824, 825, 826, 828, 829, 830, 836, 839, 840, 841, 842, 843, 848, 849, 850, 853, 854, 856, 857, 858, 861, 862, 863, 864, 865, 870, 871, 872, 875, 876, 880], "excluded_lines": [], "start_line": 1}}}, "utils/encryption.py": {"executed_lines": [3, 5, 6, 7, 9, 11, 14, 16, 17, 18, 19, 20, 21, 22, 25, 26, 27, 28, 31, 32, 33, 34, 35, 38, 40, 41, 42, 43, 45, 46, 47, 50, 52, 53, 54, 55, 56, 57, 58, 61, 63, 64, 65, 66, 67, 68, 71, 74, 76, 77, 78, 79, 80, 81, 84], "summary": {"covered_lines": 55, "num_statements": 61, "percent_covered": 90.1639344262295, "percent_covered_display": "90", "missing_lines": 6, "excluded_lines": 0, "percent_statements_covered": 90.1639344262295, "percent_statements_covered_display": "90"}, "missing_lines": [23, 24, 69, 70, 82, 83], "excluded_lines": [], "functions": {"_get_encryption_key": {"executed_lines": [16, 17, 18, 19, 20, 21, 22, 25, 26, 27, 28], "summary": {"covered_lines": 11, "num_statements": 13, "percent_covered": 84.61538461538461, "percent_covered_display": "85", "missing_lines": 2, "excluded_lines": 0, "percent_statements_covered": 84.61538461538461, "percent_statements_covered_display": "85"}, "missing_lines": [23, 24], "excluded_lines": [], "start_line": 14}, "encrypt": {"executed_lines": [40, 41, 42, 43, 45, 46, 47], "summary": {"covered_lines": 7, "num_statements": 7, "percent_covered": 100.0, "percent_covered_display": "100", "missing_lines": 0, "excluded_lines": 0, "percent_statements_covered": 100.0, "percent_statements_covered_display": "100"}, "missing_lines": [], "excluded_lines": [], "start_line": 38}, "decrypt": {"executed_lines": [52, 53, 54, 55, 56, 57, 58], "summary": {"covered_lines": 7, "num_statements": 7, "percent_covered": 100.0, "percent_covered_display": "100", "missing_lines": 0, "excluded_lines": 0, "percent_statements_covered": 100.0, "percent_statements_covered_display": "100"}, "missing_lines": [], "excluded_lines": [], "start_line": 50}, "encrypt_config": {"executed_lines": [63, 64, 65, 66, 67, 68, 71], "summary": {"covered_lines": 7, "num_statements": 9, "percent_covered": 77.77777777777777, "percent_covered_display": "78", "missing_lines": 2, "excluded_lines": 0, "percent_statements_covered": 77.77777777777777, "percent_statements_covered_display": "78"}, "missing_lines": [69, 70], "excluded_lines": [], "start_line": 61}, "decrypt_config": {"executed_lines": [76, 77, 78, 79, 80, 81, 84], "summary": {"covered_lines": 7, "num_statements": 9, "percent_covered": 77.77777777777777, "percent_covered_display": "78", "missing_lines": 2, "excluded_lines": 0, "percent_statements_covered": 77.77777777777777, "percent_statements_covered_display": "78"}, "missing_lines": [82, 83], "excluded_lines": [], "start_line": 74}, "": {"executed_lines": [3, 5, 6, 7, 9, 11, 14, 31, 32, 33, 34, 35, 38, 50, 61, 74], "summary": {"covered_lines": 16, "num_statements": 16, "percent_covered": 100.0, "percent_covered_display": "100", "missing_lines": 0, "excluded_lines": 0, "percent_statements_covered": 100.0, "percent_statements_covered_display": "100"}, "missing_lines": [], "excluded_lines": [], "start_line": 1}}, "classes": {"": {"executed_lines": [3, 5, 6, 7, 9, 11, 14, 16, 17, 18, 19, 20, 21, 22, 25, 26, 27, 28, 31, 32, 33, 34, 35, 38, 40, 41, 42, 43, 45, 46, 47, 50, 52, 53, 54, 55, 56, 57, 58, 61, 63, 64, 65, 66, 67, 68, 71, 74, 76, 77, 78, 79, 80, 81, 84], "summary": {"covered_lines": 55, "num_statements": 61, "percent_covered": 90.1639344262295, "percent_covered_display": "90", "missing_lines": 6, "excluded_lines": 0, "percent_statements_covered": 90.1639344262295, "percent_statements_covered_display": "90"}, "missing_lines": [23, 24, 69, 70, 82, 83], "excluded_lines": [], "start_line": 1}}}, "utils/log_sanitizer.py": {"executed_lines": [3, 5, 7, 9, 85, 94, 95, 97, 98, 99, 101], "summary": {"covered_lines": 11, "num_statements": 11, "percent_covered": 100.0, "percent_covered_display": "100", "missing_lines": 0, "excluded_lines": 0, "percent_statements_covered": 100.0, "percent_statements_covered_display": "100"}, "missing_lines": [], "excluded_lines": [], "functions": {"sanitize_log": {"executed_lines": [94, 95, 97, 98, 99, 101], "summary": {"covered_lines": 6, "num_statements": 6, "percent_covered": 100.0, "percent_covered_display": "100", "missing_lines": 0, "excluded_lines": 0, "percent_statements_covered": 100.0, "percent_statements_covered_display": "100"}, "missing_lines": [], "excluded_lines": [], "start_line": 85}, "": {"executed_lines": [3, 5, 7, 9, 85], "summary": {"covered_lines": 5, "num_statements": 5, "percent_covered": 100.0, "percent_covered_display": "100", "missing_lines": 0, "excluded_lines": 0, "percent_statements_covered": 100.0, "percent_statements_covered_display": "100"}, "missing_lines": [], "excluded_lines": [], "start_line": 1}}, "classes": {"": {"executed_lines": [3, 5, 7, 9, 85, 94, 95, 97, 98, 99, 101], "summary": {"covered_lines": 11, "num_statements": 11, "percent_covered": 100.0, "percent_covered_display": "100", "missing_lines": 0, "excluded_lines": 0, "percent_statements_covered": 100.0, "percent_statements_covered_display": "100"}, "missing_lines": [], "excluded_lines": [], "start_line": 1}}}}, "totals": {"covered_lines": 141, "num_statements": 482, "percent_covered": 29.25311203319502, "percent_covered_display": "29", "missing_lines": 341, "excluded_lines": 0, "percent_statements_covered": 29.25311203319502, "percent_statements_covered_display": "29"}}