{"meta": {"format": 3, "version": "7.13.5", "timestamp": "2026-04-18T10:40:42.754897", "branch_coverage": false, "show_contexts": false}, "files": {"aggregation/__init__.py": {"executed_lines": [], "summary": {"covered_lines": 0, "num_statements": 0, "percent_covered": 100.0, "percent_covered_display": "100", "missing_lines": 0, "excluded_lines": 0, "percent_statements_covered": 100.0, "percent_statements_covered_display": "100"}, "missing_lines": [], "excluded_lines": [], "functions": {"": {"executed_lines": [], "summary": {"covered_lines": 0, "num_statements": 0, "percent_covered": 100.0, "percent_covered_display": "100", "missing_lines": 0, "excluded_lines": 0, "percent_statements_covered": 100.0, "percent_statements_covered_display": "100"}, "missing_lines": [], "excluded_lines": [], "start_line": 1}}, "classes": {"": {"executed_lines": [], "summary": {"covered_lines": 0, "num_statements": 0, "percent_covered": 100.0, "percent_covered_display": "100", "missing_lines": 0, "excluded_lines": 0, "percent_statements_covered": 100.0, "percent_statements_covered_display": "100"}, "missing_lines": [], "excluded_lines": [], "start_line": 1}}}, "aggregation/config.py": {"executed_lines": [], "summary": {"covered_lines": 0, "num_statements": 56, "percent_covered": 0.0, "percent_covered_display": "0", "missing_lines": 56, "excluded_lines": 0, "percent_statements_covered": 0.0, "percent_statements_covered_display": "0"}, "missing_lines": [7, 9, 10, 12, 13, 21, 24, 28, 34, 43, 49, 55, 63, 65, 71, 72, 73, 74, 82, 85, 86, 87, 98, 117, 118, 119, 121, 122, 124, 125, 128, 131, 132, 133, 134, 137, 138, 139, 141, 144, 161, 162, 163, 165, 166, 168, 169, 171, 173, 174, 175, 176, 178, 179, 180, 182], "excluded_lines": [], "functions": {"AggregationConfig.get_settings": {"executed_lines": [], "summary": {"covered_lines": 0, "num_statements": 4, "percent_covered": 0.0, "percent_covered_display": "0", "missing_lines": 4, "excluded_lines": 0, "percent_statements_covered": 0.0, "percent_statements_covered_display": "0"}, "missing_lines": [71, 72, 73, 74], "excluded_lines": [], "start_line": 65}, "load_aggregation_config": {"executed_lines": [], "summary": {"covered_lines": 0, "num_statements": 16, "percent_covered": 0.0, "percent_covered_display": "0", "missing_lines": 16, "excluded_lines": 0, "percent_statements_covered": 0.0, "percent_statements_covered_display": "0"}, "missing_lines": [117, 118, 119, 121, 122, 124, 125, 128, 131, 132, 133, 134, 137, 138, 139, 141], "excluded_lines": [], "start_line": 98}, "load_client_config": {"executed_lines": [], "summary": {"covered_lines": 0, "num_statements": 16, "percent_covered": 0.0, "percent_covered_display": "0", "missing_lines": 16, "excluded_lines": 0, "percent_statements_covered": 0.0, "percent_statements_covered_display": "0"}, "missing_lines": [161, 162, 163, 165, 166, 168, 169, 171, 173, 174, 175, 176, 178, 179, 180, 182], "excluded_lines": [], "start_line": 144}, "": {"executed_lines": [], "summary": {"covered_lines": 0, "num_statements": 20, "percent_covered": 0.0, "percent_covered_display": "0", "missing_lines": 20, "excluded_lines": 0, "percent_statements_covered": 0.0, "percent_statements_covered_display": "0"}, "missing_lines": [7, 9, 10, 12, 13, 21, 24, 28, 34, 43, 49, 55, 63, 65, 82, 85, 86, 87, 98, 144], "excluded_lines": [], "start_line": 1}}, "classes": {"MetricAggregationSettings": {"executed_lines": [], "summary": {"covered_lines": 0, "num_statements": 0, "percent_covered": 100.0, "percent_covered_display": "100", "missing_lines": 0, "excluded_lines": 0, "percent_statements_covered": 100.0, "percent_statements_covered_display": "100"}, "missing_lines": [], "excluded_lines": [], "start_line": 21}, "AggregationConfig": {"executed_lines": [], "summary": {"covered_lines": 0, "num_statements": 4, "percent_covered": 0.0, "percent_covered_display": "0", "missing_lines": 4, "excluded_lines": 0, "percent_statements_covered": 0.0, "percent_statements_covered_display": "0"}, "missing_lines": [71, 72, 73, 74], "excluded_lines": [], "start_line": 34}, "ClientConfig": {"executed_lines": [], "summary": {"covered_lines": 0, "num_statements": 0, "percent_covered": 100.0, "percent_covered_display": "100", "missing_lines": 0, "excluded_lines": 0, "percent_statements_covered": 100.0, "percent_statements_covered_display": "100"}, "missing_lines": [], "excluded_lines": [], "start_line": 82}, "": {"executed_lines": [], "summary": {"covered_lines": 0, "num_statements": 52, "percent_covered": 0.0, "percent_covered_display": "0", "missing_lines": 52, "excluded_lines": 0, "percent_statements_covered": 0.0, "percent_statements_covered_display": "0"}, "missing_lines": [7, 9, 10, 12, 13, 21, 24, 28, 34, 43, 49, 55, 63, 65, 82, 85, 86, 87, 98, 117, 118, 119, 121, 122, 124, 125, 128, 131, 132, 133, 134, 137, 138, 139, 141, 144, 161, 162, 163, 165, 166, 168, 169, 171, 173, 174, 175, 176, 178, 179, 180, 182], "excluded_lines": [], "start_line": 1}}}, "aggregation/engine.py": {"executed_lines": [], "summary": {"covered_lines": 0, "num_statements": 97, "percent_covered": 0.0, "percent_covered_display": "0", "missing_lines": 97, "excluded_lines": 0, "percent_statements_covered": 0.0, "percent_statements_covered_display": "0"}, "missing_lines": [8, 10, 11, 12, 13, 14, 15, 17, 19, 22, 35, 49, 50, 53, 54, 56, 62, 70, 82, 83, 85, 86, 87, 90, 91, 92, 93, 94, 96, 97, 100, 109, 110, 118, 119, 120, 122, 136, 160, 161, 164, 166, 168, 169, 170, 171, 172, 173, 175, 176, 181, 182, 183, 184, 185, 186, 188, 189, 190, 193, 194, 195, 196, 199, 200, 201, 202, 204, 205, 206, 207, 210, 216, 218, 233, 235, 241, 248, 265, 278, 279, 281, 282, 283, 284, 285, 293, 300, 305, 306, 307, 308, 310, 312, 318, 321, 322], "excluded_lines": [], "functions": {"align_to_window": {"executed_lines": [], "summary": {"covered_lines": 0, "num_statements": 6, "percent_covered": 0.0, "percent_covered_display": "0", "missing_lines": 6, "excluded_lines": 0, "percent_statements_covered": 0.0, "percent_statements_covered_display": "0"}, "missing_lines": [49, 50, 53, 54, 56, 62], "excluded_lines": [], "start_line": 35}, "compute_percentile": {"executed_lines": [], "summary": {"covered_lines": 0, "num_statements": 12, "percent_covered": 0.0, "percent_covered_display": "0", "missing_lines": 12, "excluded_lines": 0, "percent_statements_covered": 0.0, "percent_statements_covered_display": "0"}, "missing_lines": [82, 83, 85, 86, 87, 90, 91, 92, 93, 94, 96, 97], "excluded_lines": [], "start_line": 70}, "compute_aggregates": {"executed_lines": [], "summary": {"covered_lines": 0, "num_statements": 6, "percent_covered": 0.0, "percent_covered_display": "0", "missing_lines": 6, "excluded_lines": 0, "percent_statements_covered": 0.0, "percent_statements_covered_display": "0"}, "missing_lines": [109, 110, 118, 119, 120, 122], "excluded_lines": [], "start_line": 100}, "aggregate": {"executed_lines": [], "summary": {"covered_lines": 0, "num_statements": 39, "percent_covered": 0.0, "percent_covered_display": "0", "missing_lines": 39, "excluded_lines": 0, "percent_statements_covered": 0.0, "percent_statements_covered_display": "0"}, "missing_lines": [160, 161, 164, 166, 168, 169, 170, 171, 172, 173, 175, 176, 181, 182, 183, 184, 185, 186, 188, 189, 190, 193, 194, 195, 196, 199, 200, 201, 202, 204, 205, 206, 207, 210, 216, 218, 233, 235, 241], "excluded_lines": [], "start_line": 136}, "batch_insert": {"executed_lines": [], "summary": {"covered_lines": 0, "num_statements": 7, "percent_covered": 0.0, "percent_covered_display": "0", "missing_lines": 7, "excluded_lines": 0, "percent_statements_covered": 0.0, "percent_statements_covered_display": "0"}, "missing_lines": [278, 279, 281, 282, 283, 284, 285], "excluded_lines": [], "start_line": 265}, "main": {"executed_lines": [], "summary": {"covered_lines": 0, "num_statements": 8, "percent_covered": 0.0, "percent_covered_display": "0", "missing_lines": 8, "excluded_lines": 0, "percent_statements_covered": 0.0, "percent_statements_covered_display": "0"}, "missing_lines": [300, 305, 306, 307, 308, 310, 312, 318], "excluded_lines": [], "start_line": 293}, "": {"executed_lines": [], "summary": {"covered_lines": 0, "num_statements": 19, "percent_covered": 0.0, "percent_covered_display": "0", "missing_lines": 19, "excluded_lines": 0, "percent_statements_covered": 0.0, "percent_statements_covered_display": "0"}, "missing_lines": [8, 10, 11, 12, 13, 14, 15, 17, 19, 22, 35, 70, 100, 136, 248, 265, 293, 321, 322], "excluded_lines": [], "start_line": 1}}, "classes": {"": {"executed_lines": [], "summary": {"covered_lines": 0, "num_statements": 97, "percent_covered": 0.0, "percent_covered_display": "0", "missing_lines": 97, "excluded_lines": 0, "percent_statements_covered": 0.0, "percent_statements_covered_display": "0"}, "missing_lines": [8, 10, 11, 12, 13, 14, 15, 17, 19, 22, 35, 49, 50, 53, 54, 56, 62, 70, 82, 83, 85, 86, 87, 90, 91, 92, 93, 94, 96, 97, 100, 109, 110, 118, 119, 120, 122, 136, 160, 161, 164, 166, 168, 169, 170, 171, 172, 173, 175, 176, 181, 182, 183, 184, 185, 186, 188, 189, 190, 193, 194, 195, 196, 199, 200, 201, 202, 204, 205, 206, 207, 210, 216, 218, 233, 235, 241, 248, 265, 278, 279, 281, 282, 283, 284, 285, 293, 300, 305, 306, 307, 308, 310, 312, 318, 321, 322], "excluded_lines": [], "start_line": 1}}}, "api/__init__.py": {"executed_lines": [], "summary": {"covered_lines": 0, "num_statements": 0, "percent_covered": 100.0, "percent_covered_display": "100", "missing_lines": 0, "excluded_lines": 0, "percent_statements_covered": 100.0, "percent_statements_covered_display": "100"}, "missing_lines": [], "excluded_lines": [], "functions": {"": {"executed_lines": [], "summary": {"covered_lines": 0, "num_statements": 0, "percent_covered": 100.0, "percent_covered_display": "100", "missing_lines": 0, "excluded_lines": 0, "percent_statements_covered": 100.0, "percent_statements_covered_display": "100"}, "missing_lines": [], "excluded_lines": [], "start_line": 1}}, "classes": {"": {"executed_lines": [], "summary": {"covered_lines": 0, "num_statements": 0, "percent_covered": 100.0, "percent_covered_display": "100", "missing_lines": 0, "excluded_lines": 0, "percent_statements_covered": 100.0, "percent_statements_covered_display": "100"}, "missing_lines": [], "excluded_lines": [], "start_line": 1}}}, "api/auth.py": {"executed_lines": [3, 5, 6, 7, 9, 10, 11, 12, 14, 15, 16, 18, 20, 22, 25, 30, 35, 51, 67, 70, 90, 95], "summary": {"covered_lines": 22, "num_statements": 63, "percent_covered": 34.92063492063492, "percent_covered_display": "35", "missing_lines": 41, "excluded_lines": 0, "percent_statements_covered": 34.92063492063492, "percent_statements_covered_display": "35"}, "missing_lines": [27, 32, 37, 38, 40, 41, 42, 44, 46, 47, 48, 53, 54, 56, 57, 58, 59, 60, 72, 78, 79, 80, 81, 82, 83, 84, 85, 86, 87, 92, 97, 98, 99, 100, 101, 102, 103, 104, 110, 111, 116], "excluded_lines": [], "functions": {"verify_password": {"executed_lines": [], "summary": {"covered_lines": 0, "num_statements": 1, "percent_covered": 0.0, "percent_covered_display": "0", "missing_lines": 1, "excluded_lines": 0, "percent_statements_covered": 0.0, "percent_statements_covered_display": "0"}, "missing_lines": [27], "excluded_lines": [], "start_line": 25}, "get_password_hash": {"executed_lines": [], "summary": {"covered_lines": 0, "num_statements": 1, "percent_covered": 0.0, "percent_covered_display": "0", "missing_lines": 1, "excluded_lines": 0, "percent_statements_covered": 0.0, "percent_statements_covered_display": "0"}, "missing_lines": [32], "excluded_lines": [], "start_line": 30}, "create_access_token": {"executed_lines": [], "summary": {"covered_lines": 0, "num_statements": 9, "percent_covered": 0.0, "percent_covered_display": "0", "missing_lines": 9, "excluded_lines": 0, "percent_statements_covered": 0.0, "percent_statements_covered_display": "0"}, "missing_lines": [37, 38, 40, 41, 42, 44, 46, 47, 48], "excluded_lines": [], "start_line": 35}, "decode_token": {"executed_lines": [], "summary": {"covered_lines": 0, "num_statements": 7, "percent_covered": 0.0, "percent_covered_display": "0", "missing_lines": 7, "excluded_lines": 0, "percent_statements_covered": 0.0, "percent_statements_covered_display": "0"}, "missing_lines": [53, 54, 56, 57, 58, 59, 60], "excluded_lines": [], "start_line": 51}, "get_current_user": {"executed_lines": [], "summary": {"covered_lines": 0, "num_statements": 11, "percent_covered": 0.0, "percent_covered_display": "0", "missing_lines": 11, "excluded_lines": 0, "percent_statements_covered": 0.0, "percent_statements_covered_display": "0"}, "missing_lines": [72, 78, 79, 80, 81, 82, 83, 84, 85, 86, 87], "excluded_lines": [], "start_line": 70}, "require_auth": {"executed_lines": [], "summary": {"covered_lines": 0, "num_statements": 1, "percent_covered": 0.0, "percent_covered_display": "0", "missing_lines": 1, "excluded_lines": 0, "percent_statements_covered": 0.0, "percent_statements_covered_display": "0"}, "missing_lines": [92], "excluded_lines": [], "start_line": 90}, "token_verification_middleware": {"executed_lines": [], "summary": {"covered_lines": 0, "num_statements": 11, "percent_covered": 0.0, "percent_covered_display": "0", "missing_lines": 11, "excluded_lines": 0, "percent_statements_covered": 0.0, "percent_statements_covered_display": "0"}, "missing_lines": [97, 98, 99, 100, 101, 102, 103, 104, 110, 111, 116], "excluded_lines": [], "start_line": 95}, "": {"executed_lines": [3, 5, 6, 7, 9, 10, 11, 12, 14, 15, 16, 18, 20, 22, 25, 30, 35, 51, 67, 70, 90, 95], "summary": {"covered_lines": 22, "num_statements": 22, "percent_covered": 100.0, "percent_covered_display": "100", "missing_lines": 0, "excluded_lines": 0, "percent_statements_covered": 100.0, "percent_statements_covered_display": "100"}, "missing_lines": [], "excluded_lines": [], "start_line": 1}}, "classes": {"": {"executed_lines": [3, 5, 6, 7, 9, 10, 11, 12, 14, 15, 16, 18, 20, 22, 25, 30, 35, 51, 67, 70, 90, 95], "summary": {"covered_lines": 22, "num_statements": 63, "percent_covered": 34.92063492063492, "percent_covered_display": "35", "missing_lines": 41, "excluded_lines": 0, "percent_statements_covered": 34.92063492063492, "percent_statements_covered_display": "35"}, "missing_lines": [27, 32, 37, 38, 40, 41, 42, 44, 46, 47, 48, 53, 54, 56, 57, 58, 59, 60, 72, 78, 79, 80, 81, 82, 83, 84, 85, 86, 87, 92, 97, 98, 99, 100, 101, 102, 103, 104, 110, 111, 116], "excluded_lines": [], "start_line": 1}}}, "api/db.py": {"executed_lines": [3, 5, 6, 7, 8, 10, 11, 12, 13, 15, 18, 19, 22, 30, 38, 66, 94, 102, 110, 111, 125, 138, 145, 167, 188, 210, 245, 281, 306], "summary": {"covered_lines": 29, "num_statements": 201, "percent_covered": 14.427860696517413, "percent_covered_display": "14", "missing_lines": 172, "excluded_lines": 0, "percent_statements_covered": 14.427860696517413, "percent_statements_covered_display": "14"}, "missing_lines": [24, 25, 26, 27, 32, 41, 42, 44, 45, 47, 53, 61, 62, 63, 69, 70, 72, 73, 75, 81, 89, 90, 91, 97, 98, 99, 105, 106, 107, 113, 114, 115, 116, 117, 118, 119, 120, 121, 122, 127, 128, 129, 130, 131, 132, 133, 134, 135, 141, 142, 147, 150, 151, 152, 153, 154, 155, 157, 158, 159, 160, 161, 162, 163, 164, 169, 171, 172, 178, 179, 185, 190, 192, 193, 194, 195, 196, 197, 198, 199, 200, 201, 202, 203, 204, 205, 207, 212, 214, 215, 216, 217, 218, 219, 221, 222, 224, 225, 226, 227, 229, 230, 231, 232, 233, 234, 235, 236, 238, 239, 240, 242, 247, 249, 250, 251, 252, 253, 254, 256, 257, 259, 260, 261, 262, 264, 265, 266, 267, 268, 269, 270, 271, 272, 274, 275, 276, 278, 283, 285, 286, 287, 288, 289, 290, 292, 293, 295, 296, 297, 298, 299, 300, 301, 303, 308, 310, 311, 312, 313, 314, 316, 318, 319, 320, 321, 322, 323, 324, 325, 326, 328], "excluded_lines": [], "functions": {"get_pg_dsn": {"executed_lines": [], "summary": {"covered_lines": 0, "num_statements": 4, "percent_covered": 0.0, "percent_covered_display": "0", "missing_lines": 4, "excluded_lines": 0, "percent_statements_covered": 0.0, "percent_statements_covered_display": "0"}, "missing_lines": [24, 25, 26, 27], "excluded_lines": [], "start_line": 22}, "get_pool_config": {"executed_lines": [], "summary": {"covered_lines": 0, "num_statements": 1, "percent_covered": 0.0, "percent_covered_display": "0", "missing_lines": 1, "excluded_lines": 0, "percent_statements_covered": 0.0, "percent_statements_covered_display": "0"}, "missing_lines": [32], "excluded_lines": [], "start_line": 30}, "init_async_pool": {"executed_lines": [], "summary": {"covered_lines": 0, "num_statements": 9, "percent_covered": 0.0, "percent_covered_display": "0", "missing_lines": 9, "excluded_lines": 0, "percent_statements_covered": 0.0, "percent_statements_covered_display": "0"}, "missing_lines": [41, 42, 44, 45, 47, 53, 61, 62, 63], "excluded_lines": [], "start_line": 38}, "init_sync_pool": {"executed_lines": [], "summary": {"covered_lines": 0, "num_statements": 9, "percent_covered": 0.0, "percent_covered_display": "0", "missing_lines": 9, "excluded_lines": 0, "percent_statements_covered": 0.0, "percent_statements_covered_display": "0"}, "missing_lines": [69, 70, 72, 73, 75, 81, 89, 90, 91], "excluded_lines": [], "start_line": 66}, "get_async_pool": {"executed_lines": [], "summary": {"covered_lines": 0, "num_statements": 3, "percent_covered": 0.0, "percent_covered_display": "0", "missing_lines": 3, "excluded_lines": 0, "percent_statements_covered": 0.0, "percent_statements_covered_display": "0"}, "missing_lines": [97, 98, 99], "excluded_lines": [], "start_line": 94}, "get_sync_pool": {"executed_lines": [], "summary": {"covered_lines": 0, "num_statements": 3, "percent_covered": 0.0, "percent_covered_display": "0", "missing_lines": 3, "excluded_lines": 0, "percent_statements_covered": 0.0, "percent_statements_covered_display": "0"}, "missing_lines": [105, 106, 107], "excluded_lines": [], "start_line": 102}, "get_async_connection": {"executed_lines": [], "summary": {"covered_lines": 0, "num_statements": 10, "percent_covered": 0.0, "percent_covered_display": "0", "missing_lines": 10, "excluded_lines": 0, "percent_statements_covered": 0.0, "percent_statements_covered_display": "0"}, "missing_lines": [113, 114, 115, 116, 117, 118, 119, 120, 121, 122], "excluded_lines": [], "start_line": 111}, "get_connection": {"executed_lines": [], "summary": {"covered_lines": 0, "num_statements": 9, "percent_covered": 0.0, "percent_covered_display": "0", "missing_lines": 9, "excluded_lines": 0, "percent_statements_covered": 0.0, "percent_statements_covered_display": "0"}, "missing_lines": [127, 128, 129, 130, 131, 132, 133, 134, 135], "excluded_lines": [], "start_line": 125}, "release_connection": {"executed_lines": [], "summary": {"covered_lines": 0, "num_statements": 2, "percent_covered": 0.0, "percent_covered_display": "0", "missing_lines": 2, "excluded_lines": 0, "percent_statements_covered": 0.0, "percent_statements_covered_display": "0"}, "missing_lines": [141, 142], "excluded_lines": [], "start_line": 138}, "close_pools": {"executed_lines": [], "summary": {"covered_lines": 0, "num_statements": 15, "percent_covered": 0.0, "percent_covered_display": "0", "missing_lines": 15, "excluded_lines": 0, "percent_statements_covered": 0.0, "percent_statements_covered_display": "0"}, "missing_lines": [147, 150, 151, 152, 153, 154, 155, 157, 158, 159, 160, 161, 162, 163, 164], "excluded_lines": [], "start_line": 145}, "get_pool_stats": {"executed_lines": [], "summary": {"covered_lines": 0, "num_statements": 6, "percent_covered": 0.0, "percent_covered_display": "0", "missing_lines": 6, "excluded_lines": 0, "percent_statements_covered": 0.0, "percent_statements_covered_display": "0"}, "missing_lines": [169, 171, 172, 178, 179, 185], "excluded_lines": [], "start_line": 167}, "init_db": {"executed_lines": [], "summary": {"covered_lines": 0, "num_statements": 16, "percent_covered": 0.0, "percent_covered_display": "0", "missing_lines": 16, "excluded_lines": 0, "percent_statements_covered": 0.0, "percent_statements_covered_display": "0"}, "missing_lines": [190, 192, 193, 194, 195, 196, 197, 198, 199, 200, 201, 202, 203, 204, 205, 207], "excluded_lines": [], "start_line": 188}, "query_one": {"executed_lines": [], "summary": {"covered_lines": 0, "num_statements": 25, "percent_covered": 0.0, "percent_covered_display": "0", "missing_lines": 25, "excluded_lines": 0, "percent_statements_covered": 0.0, "percent_statements_covered_display": "0"}, "missing_lines": [212, 214, 215, 216, 217, 218, 219, 221, 222, 224, 225, 226, 227, 229, 230, 231, 232, 233, 234, 235, 236, 238, 239, 240, 242], "excluded_lines": [], "start_line": 210}, "query_all": {"executed_lines": [], "summary": {"covered_lines": 0, "num_statements": 26, "percent_covered": 0.0, "percent_covered_display": "0", "missing_lines": 26, "excluded_lines": 0, "percent_statements_covered": 0.0, "percent_statements_covered_display": "0"}, "missing_lines": [247, 249, 250, 251, 252, 253, 254, 256, 257, 259, 260, 261, 262, 264, 265, 266, 267, 268, 269, 270, 271, 272, 274, 275, 276, 278], "excluded_lines": [], "start_line": 245}, "execute": {"executed_lines": [], "summary": {"covered_lines": 0, "num_statements": 17, "percent_covered": 0.0, "percent_covered_display": "0", "missing_lines": 17, "excluded_lines": 0, "percent_statements_covered": 0.0, "percent_statements_covered_display": "0"}, "missing_lines": [283, 285, 286, 287, 288, 289, 290, 292, 293, 295, 296, 297, 298, 299, 300, 301, 303], "excluded_lines": [], "start_line": 281}, "insert_and_return": {"executed_lines": [], "summary": {"covered_lines": 0, "num_statements": 17, "percent_covered": 0.0, "percent_covered_display": "0", "missing_lines": 17, "excluded_lines": 0, "percent_statements_covered": 0.0, "percent_statements_covered_display": "0"}, "missing_lines": [308, 310, 311, 312, 313, 314, 316, 318, 319, 320, 321, 322, 323, 324, 325, 326, 328], "excluded_lines": [], "start_line": 306}, "": {"executed_lines": [3, 5, 6, 7, 8, 10, 11, 12, 13, 15, 18, 19, 22, 30, 38, 66, 94, 102, 110, 111, 125, 138, 145, 167, 188, 210, 245, 281, 306], "summary": {"covered_lines": 29, "num_statements": 29, "percent_covered": 100.0, "percent_covered_display": "100", "missing_lines": 0, "excluded_lines": 0, "percent_statements_covered": 100.0, "percent_statements_covered_display": "100"}, "missing_lines": [], "excluded_lines": [], "start_line": 1}}, "classes": {"": {"executed_lines": [3, 5, 6, 7, 8, 10, 11, 12, 13, 15, 18, 19, 22, 30, 38, 66, 94, 102, 110, 111, 125, 138, 145, 167, 188, 210, 245, 281, 306], "summary": {"covered_lines": 29, "num_statements": 201, "percent_covered": 14.427860696517413, "percent_covered_display": "14", "missing_lines": 172, "excluded_lines": 0, "percent_statements_covered": 14.427860696517413, "percent_statements_covered_display": "14"}, "missing_lines": [24, 25, 26, 27, 32, 41, 42, 44, 45, 47, 53, 61, 62, 63, 69, 70, 72, 73, 75, 81, 89, 90, 91, 97, 98, 99, 105, 106, 107, 113, 114, 115, 116, 117, 118, 119, 120, 121, 122, 127, 128, 129, 130, 131, 132, 133, 134, 135, 141, 142, 147, 150, 151, 152, 153, 154, 155, 157, 158, 159, 160, 161, 162, 163, 164, 169, 171, 172, 178, 179, 185, 190, 192, 193, 194, 195, 196, 197, 198, 199, 200, 201, 202, 203, 204, 205, 207, 212, 214, 215, 216, 217, 218, 219, 221, 222, 224, 225, 226, 227, 229, 230, 231, 232, 233, 234, 235, 236, 238, 239, 240, 242, 247, 249, 250, 251, 252, 253, 254, 256, 257, 259, 260, 261, 262, 264, 265, 266, 267, 268, 269, 270, 271, 272, 274, 275, 276, 278, 283, 285, 286, 287, 288, 289, 290, 292, 293, 295, 296, 297, 298, 299, 300, 301, 303, 308, 310, 311, 312, 313, 314, 316, 318, 319, 320, 321, 322, 323, 324, 325, 326, 328], "excluded_lines": [], "start_line": 1}}}, "api/main.py": {"executed_lines": [3, 5, 6, 7, 9, 10, 11, 12, 13, 14, 15, 16, 17, 19, 21, 24, 26, 27, 32, 35, 36, 38, 39, 42, 45, 59, 62, 97, 98, 161, 168, 169, 172, 175, 176, 185, 186, 212, 213, 221, 222, 224, 225, 226, 229], "summary": {"covered_lines": 45, "num_statements": 119, "percent_covered": 37.81512605042017, "percent_covered_display": "38", "missing_lines": 74, "excluded_lines": 0, "percent_statements_covered": 37.81512605042017, "percent_statements_covered_display": "38"}, "missing_lines": [28, 29, 30, 31, 46, 47, 48, 49, 63, 67, 68, 69, 70, 71, 73, 74, 75, 85, 94, 101, 102, 104, 105, 106, 108, 109, 110, 111, 113, 114, 116, 117, 118, 119, 122, 123, 125, 126, 127, 128, 129, 132, 133, 134, 136, 138, 139, 140, 141, 142, 145, 150, 152, 155, 157, 158, 188, 190, 196, 197, 198, 199, 200, 201, 202, 203, 204, 206, 207, 209, 215, 217, 230, 232], "excluded_lines": [], "functions": {"rate_limit_from_env": {"executed_lines": [26, 27, 32], "summary": {"covered_lines": 3, "num_statements": 7, "percent_covered": 42.857142857142854, "percent_covered_display": "43", "missing_lines": 4, "excluded_lines": 0, "percent_statements_covered": 42.857142857142854, "percent_statements_covered_display": "43"}, "missing_lines": [28, 29, 30, 31], "excluded_lines": [], "start_line": 24}, "RateLimitMiddleware.dispatch": {"executed_lines": [], "summary": {"covered_lines": 0, "num_statements": 4, "percent_covered": 0.0, "percent_covered_display": "0", "missing_lines": 4, "excluded_lines": 0, "percent_statements_covered": 0.0, "percent_statements_covered_display": "0"}, "missing_lines": [46, 47, 48, 49], "excluded_lines": [], "start_line": 45}, "TokenVerificationMiddleware.dispatch": {"executed_lines": [], "summary": {"covered_lines": 0, "num_statements": 11, "percent_covered": 0.0, "percent_covered_display": "0", "missing_lines": 11, "excluded_lines": 0, "percent_statements_covered": 0.0, "percent_statements_covered_display": "0"}, "missing_lines": [63, 67, 68, 69, 70, 71, 73, 74, 75, 85, 94], "excluded_lines": [], "start_line": 62}, "lifespan": {"executed_lines": [], "summary": {"covered_lines": 0, "num_statements": 37, "percent_covered": 0.0, "percent_covered_display": "0", "missing_lines": 37, "excluded_lines": 0, "percent_statements_covered": 0.0, "percent_statements_covered_display": "0"}, "missing_lines": [101, 102, 104, 105, 106, 108, 109, 110, 111, 113, 114, 116, 117, 118, 119, 122, 123, 125, 126, 127, 128, 129, 132, 133, 134, 136, 138, 139, 140, 141, 142, 145, 150, 152, 155, 157, 158], "excluded_lines": [], "start_line": 98}, "healthz": {"executed_lines": [], "summary": {"covered_lines": 0, "num_statements": 14, "percent_covered": 0.0, "percent_covered_display": "0", "missing_lines": 14, "excluded_lines": 0, "percent_statements_covered": 0.0, "percent_statements_covered_display": "0"}, "missing_lines": [188, 190, 196, 197, 198, 199, 200, 201, 202, 203, 204, 206, 207, 209], "excluded_lines": [], "start_line": 186}, "db_stats": {"executed_lines": [], "summary": {"covered_lines": 0, "num_statements": 2, "percent_covered": 0.0, "percent_covered_display": "0", "missing_lines": 2, "excluded_lines": 0, "percent_statements_covered": 0.0, "percent_statements_covered_display": "0"}, "missing_lines": [215, 217], "excluded_lines": [], "start_line": 213}, "": {"executed_lines": [3, 5, 6, 7, 9, 10, 11, 12, 13, 14, 15, 16, 17, 19, 21, 24, 35, 36, 38, 39, 42, 45, 59, 62, 97, 98, 161, 168, 169, 172, 175, 176, 185, 186, 212, 213, 221, 222, 224, 225, 226, 229], "summary": {"covered_lines": 42, "num_statements": 44, "percent_covered": 95.45454545454545, "percent_covered_display": "95", "missing_lines": 2, "excluded_lines": 0, "percent_statements_covered": 95.45454545454545, "percent_statements_covered_display": "95"}, "missing_lines": [230, 232], "excluded_lines": [], "start_line": 1}}, "classes": {"RateLimitMiddleware": {"executed_lines": [], "summary": {"covered_lines": 0, "num_statements": 4, "percent_covered": 0.0, "percent_covered_display": "0", "missing_lines": 4, "excluded_lines": 0, "percent_statements_covered": 0.0, "percent_statements_covered_display": "0"}, "missing_lines": [46, 47, 48, 49], "excluded_lines": [], "start_line": 42}, "TokenVerificationMiddleware": {"executed_lines": [], "summary": {"covered_lines": 0, "num_statements": 11, "percent_covered": 0.0, "percent_covered_display": "0", "missing_lines": 11, "excluded_lines": 0, "percent_statements_covered": 0.0, "percent_statements_covered_display": "0"}, "missing_lines": [63, 67, 68, 69, 70, 71, 73, 74, 75, 85, 94], "excluded_lines": [], "start_line": 59}, "": {"executed_lines": [3, 5, 6, 7, 9, 10, 11, 12, 13, 14, 15, 16, 17, 19, 21, 24, 26, 27, 32, 35, 36, 38, 39, 42, 45, 59, 62, 97, 98, 161, 168, 169, 172, 175, 176, 185, 186, 212, 213, 221, 222, 224, 225, 226, 229], "summary": {"covered_lines": 45, "num_statements": 104, "percent_covered": 43.26923076923077, "percent_covered_display": "43", "missing_lines": 59, "excluded_lines": 0, "percent_statements_covered": 43.26923076923077, "percent_statements_covered_display": "43"}, "missing_lines": [28, 29, 30, 31, 101, 102, 104, 105, 106, 108, 109, 110, 111, 113, 114, 116, 117, 118, 119, 122, 123, 125, 126, 127, 128, 129, 132, 133, 134, 136, 138, 139, 140, 141, 142, 145, 150, 152, 155, 157, 158, 188, 190, 196, 197, 198, 199, 200, 201, 202, 203, 204, 206, 207, 209, 215, 217, 230, 232], "excluded_lines": [], "start_line": 1}}}, "api/metrics.py": {"executed_lines": [3, 5, 10, 12, 17, 19, 24, 26, 31], "summary": {"covered_lines": 9, "num_statements": 9, "percent_covered": 100.0, "percent_covered_display": "100", "missing_lines": 0, "excluded_lines": 0, "percent_statements_covered": 100.0, "percent_statements_covered_display": "100"}, "missing_lines": [], "excluded_lines": [], "functions": {"": {"executed_lines": [3, 5, 10, 12, 17, 19, 24, 26, 31], "summary": {"covered_lines": 9, "num_statements": 9, "percent_covered": 100.0, "percent_covered_display": "100", "missing_lines": 0, "excluded_lines": 0, "percent_statements_covered": 100.0, "percent_statements_covered_display": "100"}, "missing_lines": [], "excluded_lines": [], "start_line": 1}}, "classes": {"": {"executed_lines": [3, 5, 10, 12, 17, 19, 24, 26, 31], "summary": {"covered_lines": 9, "num_statements": 9, "percent_covered": 100.0, "percent_covered_display": "100", "missing_lines": 0, "excluded_lines": 0, "percent_statements_covered": 100.0, "percent_statements_covered_display": "100"}, "missing_lines": [], "excluded_lines": [], "start_line": 1}}}, "api/models.py": {"executed_lines": [3, 5, 6, 7, 9, 12, 13, 14, 17, 18, 19, 20, 21, 29, 32, 33, 34, 35, 36, 40, 44, 45, 48, 51, 52, 53, 54, 55, 56, 59, 62, 63, 64, 68, 71, 74, 75, 76, 79, 82, 83, 84, 85, 86, 87, 88, 96, 99, 100, 104, 110, 113, 114, 115, 116, 117, 118, 121, 124, 125, 126, 127, 128, 129, 130, 131, 139, 142, 143, 146, 149, 150, 151, 152, 153, 154, 157, 160, 161, 164, 167, 168, 176, 179, 180, 183, 186, 187, 195, 198, 199, 200, 201], "summary": {"covered_lines": 93, "num_statements": 93, "percent_covered": 100.0, "percent_covered_display": "100", "missing_lines": 0, "excluded_lines": 0, "percent_statements_covered": 100.0, "percent_statements_covered_display": "100"}, "missing_lines": [], "excluded_lines": [], "functions": {"": {"executed_lines": [3, 5, 6, 7, 9, 12, 13, 14, 17, 18, 19, 20, 21, 29, 32, 33, 34, 35, 36, 40, 44, 45, 48, 51, 52, 53, 54, 55, 56, 59, 62, 63, 64, 68, 71, 74, 75, 76, 79, 82, 83, 84, 85, 86, 87, 88, 96, 99, 100, 104, 110, 113, 114, 115, 116, 117, 118, 121, 124, 125, 126, 127, 128, 129, 130, 131, 139, 142, 143, 146, 149, 150, 151, 152, 153, 154, 157, 160, 161, 164, 167, 168, 176, 179, 180, 183, 186, 187, 195, 198, 199, 200, 201], "summary": {"covered_lines": 93, "num_statements": 93, "percent_covered": 100.0, "percent_covered_display": "100", "missing_lines": 0, "excluded_lines": 0, "percent_statements_covered": 100.0, "percent_statements_covered_display": "100"}, "missing_lines": [], "excluded_lines": [], "start_line": 1}}, "classes": {"Provider": {"executed_lines": [], "summary": {"covered_lines": 0, "num_statements": 0, "percent_covered": 100.0, "percent_covered_display": "100", "missing_lines": 0, "excluded_lines": 0, "percent_statements_covered": 100.0, "percent_statements_covered_display": "100"}, "missing_lines": [], "excluded_lines": [], "start_line": 12}, "CredentialType": {"executed_lines": [], "summary": {"covered_lines": 0, "num_statements": 0, "percent_covered": 100.0, "percent_covered_display": "100", "missing_lines": 0, "excluded_lines": 0, "percent_statements_covered": 100.0, "percent_statements_covered_display": "100"}, "missing_lines": [], "excluded_lines": [], "start_line": 17}, "AzureConfigInput": {"executed_lines": [], "summary": {"covered_lines": 0, "num_statements": 0, "percent_covered": 100.0, "percent_covered_display": "100", "missing_lines": 0, "excluded_lines": 0, "percent_statements_covered": 100.0, "percent_statements_covered_display": "100"}, "missing_lines": [], "excluded_lines": [], "start_line": 29}, "GCPConfigInput": {"executed_lines": [], "summary": {"covered_lines": 0, "num_statements": 0, "percent_covered": 100.0, "percent_covered_display": "100", "missing_lines": 0, "excluded_lines": 0, "percent_statements_covered": 100.0, "percent_statements_covered_display": "100"}, "missing_lines": [], "excluded_lines": [], "start_line": 48}, "CloudConfigCreate": {"executed_lines": [], "summary": {"covered_lines": 0, "num_statements": 0, "percent_covered": 100.0, "percent_covered_display": "100", "missing_lines": 0, "excluded_lines": 0, "percent_statements_covered": 100.0, "percent_statements_covered_display": "100"}, "missing_lines": [], "excluded_lines": [], "start_line": 59}, "CloudConfigUpdate": {"executed_lines": [], "summary": {"covered_lines": 0, "num_statements": 0, "percent_covered": 100.0, "percent_covered_display": "100", "missing_lines": 0, "excluded_lines": 0, "percent_statements_covered": 100.0, "percent_statements_covered_display": "100"}, "missing_lines": [], "excluded_lines": [], "start_line": 71}, "CloudConfigResponse": {"executed_lines": [], "summary": {"covered_lines": 0, "num_statements": 0, "percent_covered": 100.0, "percent_covered_display": "100", "missing_lines": 0, "excluded_lines": 0, "percent_statements_covered": 100.0, "percent_statements_covered_display": "100"}, "missing_lines": [], "excluded_lines": [], "start_line": 79}, "ExtractorRunRequest": {"executed_lines": [], "summary": {"covered_lines": 0, "num_statements": 0, "percent_covered": 100.0, "percent_covered_display": "100", "missing_lines": 0, "excluded_lines": 0, "percent_statements_covered": 100.0, "percent_statements_covered_display": "100"}, "missing_lines": [], "excluded_lines": [], "start_line": 96}, "ExtractorRunResponse": {"executed_lines": [], "summary": {"covered_lines": 0, "num_statements": 0, "percent_covered": 100.0, "percent_covered_display": "100", "missing_lines": 0, "excluded_lines": 0, "percent_statements_covered": 100.0, "percent_statements_covered_display": "100"}, "missing_lines": [], "excluded_lines": [], "start_line": 110}, "ExtractorStatusResponse": {"executed_lines": [], "summary": {"covered_lines": 0, "num_statements": 0, "percent_covered": 100.0, "percent_covered_display": "100", "missing_lines": 0, "excluded_lines": 0, "percent_statements_covered": 100.0, "percent_statements_covered_display": "100"}, "missing_lines": [], "excluded_lines": [], "start_line": 121}, "DeviceCodeStartRequest": {"executed_lines": [], "summary": {"covered_lines": 0, "num_statements": 0, "percent_covered": 100.0, "percent_covered_display": "100", "missing_lines": 0, "excluded_lines": 0, "percent_statements_covered": 100.0, "percent_statements_covered_display": "100"}, "missing_lines": [], "excluded_lines": [], "start_line": 139}, "DeviceCodeStartResponse": {"executed_lines": [], "summary": {"covered_lines": 0, "num_statements": 0, "percent_covered": 100.0, "percent_covered_display": "100", "missing_lines": 0, "excluded_lines": 0, "percent_statements_covered": 100.0, "percent_statements_covered_display": "100"}, "missing_lines": [], "excluded_lines": [], "start_line": 146}, "DeviceCodePollRequest": {"executed_lines": [], "summary": {"covered_lines": 0, "num_statements": 0, "percent_covered": 100.0, "percent_covered_display": "100", "missing_lines": 0, "excluded_lines": 0, "percent_statements_covered": 100.0, "percent_statements_covered_display": "100"}, "missing_lines": [], "excluded_lines": [], "start_line": 157}, "DeviceCodePollResponse": {"executed_lines": [], "summary": {"covered_lines": 0, "num_statements": 0, "percent_covered": 100.0, "percent_covered_display": "100", "missing_lines": 0, "excluded_lines": 0, "percent_statements_covered": 100.0, "percent_statements_covered_display": "100"}, "missing_lines": [], "excluded_lines": [], "start_line": 164}, "TokenRequest": {"executed_lines": [], "summary": {"covered_lines": 0, "num_statements": 0, "percent_covered": 100.0, "percent_covered_display": "100", "missing_lines": 0, "excluded_lines": 0, "percent_statements_covered": 100.0, "percent_statements_covered_display": "100"}, "missing_lines": [], "excluded_lines": [], "start_line": 176}, "TokenResponse": {"executed_lines": [], "summary": {"covered_lines": 0, "num_statements": 0, "percent_covered": 100.0, "percent_covered_display": "100", "missing_lines": 0, "excluded_lines": 0, "percent_statements_covered": 100.0, "percent_statements_covered_display": "100"}, "missing_lines": [], "excluded_lines": [], "start_line": 183}, "ExtractorHealthResponse": {"executed_lines": [], "summary": {"covered_lines": 0, "num_statements": 0, "percent_covered": 100.0, "percent_covered_display": "100", "missing_lines": 0, "excluded_lines": 0, "percent_statements_covered": 100.0, "percent_statements_covered_display": "100"}, "missing_lines": [], "excluded_lines": [], "start_line": 195}, "": {"executed_lines": [3, 5, 6, 7, 9, 12, 13, 14, 17, 18, 19, 20, 21, 29, 32, 33, 34, 35, 36, 40, 44, 45, 48, 51, 52, 53, 54, 55, 56, 59, 62, 63, 64, 68, 71, 74, 75, 76, 79, 82, 83, 84, 85, 86, 87, 88, 96, 99, 100, 104, 110, 113, 114, 115, 116, 117, 118, 121, 124, 125, 126, 127, 128, 129, 130, 131, 139, 142, 143, 146, 149, 150, 151, 152, 153, 154, 157, 160, 161, 164, 167, 168, 176, 179, 180, 183, 186, 187, 195, 198, 199, 200, 201], "summary": {"covered_lines": 93, "num_statements": 93, "percent_covered": 100.0, "percent_covered_display": "100", "missing_lines": 0, "excluded_lines": 0, "percent_statements_covered": 100.0, "percent_statements_covered_display": "100"}, "missing_lines": [], "excluded_lines": [], "start_line": 1}}}, "api/routes/__init__.py": {"executed_lines": [], "summary": {"covered_lines": 0, "num_statements": 0, "percent_covered": 100.0, "percent_covered_display": "100", "missing_lines": 0, "excluded_lines": 0, "percent_statements_covered": 100.0, "percent_statements_covered_display": "100"}, "missing_lines": [], "excluded_lines": [], "functions": {"": {"executed_lines": [], "summary": {"covered_lines": 0, "num_statements": 0, "percent_covered": 100.0, "percent_covered_display": "100", "missing_lines": 0, "excluded_lines": 0, "percent_statements_covered": 100.0, "percent_statements_covered_display": "100"}, "missing_lines": [], "excluded_lines": [], "start_line": 1}}, "classes": {"": {"executed_lines": [], "summary": {"covered_lines": 0, "num_statements": 0, "percent_covered": 100.0, "percent_covered_display": "100", "missing_lines": 0, "excluded_lines": 0, "percent_statements_covered": 100.0, "percent_statements_covered_display": "100"}, "missing_lines": [], "excluded_lines": [], "start_line": 1}}}, "api/routes/auth.py": {"executed_lines": [3, 5, 6, 7, 8, 10, 11, 13, 14, 16, 18, 22, 25, 26, 27, 30, 31, 32, 33, 34, 35, 36, 39, 40, 41, 42, 45, 46, 47, 50, 53, 54, 103, 108, 185, 186, 187, 190, 191], "summary": {"covered_lines": 39, "num_statements": 93, "percent_covered": 41.935483870967744, "percent_covered_display": "42", "missing_lines": 54, "excluded_lines": 0, "percent_statements_covered": 41.935483870967744, "percent_statements_covered_display": "42"}, "missing_lines": [56, 58, 59, 62, 68, 70, 77, 79, 84, 86, 87, 89, 98, 99, 100, 110, 112, 113, 114, 116, 117, 118, 120, 121, 126, 131, 133, 134, 135, 138, 142, 149, 154, 166, 168, 170, 171, 172, 173, 175, 177, 179, 180, 181, 193, 195, 196, 198, 203, 204, 206, 208, 213, 218], "excluded_lines": [], "functions": {"start_device_code": {"executed_lines": [], "summary": {"covered_lines": 0, "num_statements": 15, "percent_covered": 0.0, "percent_covered_display": "0", "missing_lines": 15, "excluded_lines": 0, "percent_statements_covered": 0.0, "percent_statements_covered_display": "0"}, "missing_lines": [56, 58, 59, 62, 68, 70, 77, 79, 84, 86, 87, 89, 98, 99, 100], "excluded_lines": [], "start_line": 54}, "poll_device_code": {"executed_lines": [], "summary": {"covered_lines": 0, "num_statements": 29, "percent_covered": 0.0, "percent_covered_display": "0", "missing_lines": 29, "excluded_lines": 0, "percent_statements_covered": 0.0, "percent_statements_covered_display": "0"}, "missing_lines": [110, 112, 113, 114, 116, 117, 118, 120, 121, 126, 131, 133, 134, 135, 138, 142, 149, 154, 166, 168, 170, 171, 172, 173, 175, 177, 179, 180, 181], "excluded_lines": [], "start_line": 108}, "register_gcp": {"executed_lines": [], "summary": {"covered_lines": 0, "num_statements": 10, "percent_covered": 0.0, "percent_covered_display": "0", "missing_lines": 10, "excluded_lines": 0, "percent_statements_covered": 0.0, "percent_statements_covered_display": "0"}, "missing_lines": [193, 195, 196, 198, 203, 204, 206, 208, 213, 218], "excluded_lines": [], "start_line": 191}, "": {"executed_lines": [3, 5, 6, 7, 8, 10, 11, 13, 14, 16, 18, 22, 25, 26, 27, 30, 31, 32, 33, 34, 35, 36, 39, 40, 41, 42, 45, 46, 47, 50, 53, 54, 103, 108, 185, 186, 187, 190, 191], "summary": {"covered_lines": 39, "num_statements": 39, "percent_covered": 100.0, "percent_covered_display": "100", "missing_lines": 0, "excluded_lines": 0, "percent_statements_covered": 100.0, "percent_statements_covered_display": "100"}, "missing_lines": [], "excluded_lines": [], "start_line": 1}}, "classes": {"DeviceCodeStartRequest": {"executed_lines": [], "summary": {"covered_lines": 0, "num_statements": 0, "percent_covered": 100.0, "percent_covered_display": "100", "missing_lines": 0, "excluded_lines": 0, "percent_statements_covered": 100.0, "percent_statements_covered_display": "100"}, "missing_lines": [], "excluded_lines": [], "start_line": 25}, "DeviceCodeStartResponse": {"executed_lines": [], "summary": {"covered_lines": 0, "num_statements": 0, "percent_covered": 100.0, "percent_covered_display": "100", "missing_lines": 0, "excluded_lines": 0, "percent_statements_covered": 100.0, "percent_statements_covered_display": "100"}, "missing_lines": [], "excluded_lines": [], "start_line": 30}, "DeviceCodePollRequest": {"executed_lines": [], "summary": {"covered_lines": 0, "num_statements": 0, "percent_covered": 100.0, "percent_covered_display": "100", "missing_lines": 0, "excluded_lines": 0, "percent_statements_covered": 100.0, "percent_statements_covered_display": "100"}, "missing_lines": [], "excluded_lines": [], "start_line": 39}, "DeviceCodePollResponse": {"executed_lines": [], "summary": {"covered_lines": 0, "num_statements": 0, "percent_covered": 100.0, "percent_covered_display": "100", "missing_lines": 0, "excluded_lines": 0, "percent_statements_covered": 100.0, "percent_statements_covered_display": "100"}, "missing_lines": [], "excluded_lines": [], "start_line": 45}, "GCPRegisterRequest": {"executed_lines": [], "summary": {"covered_lines": 0, "num_statements": 0, "percent_covered": 100.0, "percent_covered_display": "100", "missing_lines": 0, "excluded_lines": 0, "percent_statements_covered": 100.0, "percent_statements_covered_display": "100"}, "missing_lines": [], "excluded_lines": [], "start_line": 185}, "": {"executed_lines": [3, 5, 6, 7, 8, 10, 11, 13, 14, 16, 18, 22, 25, 26, 27, 30, 31, 32, 33, 34, 35, 36, 39, 40, 41, 42, 45, 46, 47, 50, 53, 54, 103, 108, 185, 186, 187, 190, 191], "summary": {"covered_lines": 39, "num_statements": 93, "percent_covered": 41.935483870967744, "percent_covered_display": "42", "missing_lines": 54, "excluded_lines": 0, "percent_statements_covered": 41.935483870967744, "percent_statements_covered_display": "42"}, "missing_lines": [56, 58, 59, 62, 68, 70, 77, 79, 84, 86, 87, 89, 98, 99, 100, 110, 112, 113, 114, 116, 117, 118, 120, 121, 126, 131, 133, 134, 135, 138, 142, 149, 154, 166, 168, 170, 171, 172, 173, 175, 177, 179, 180, 181, 193, 195, 196, 198, 203, 204, 206, 208, 213, 218], "excluded_lines": [], "start_line": 1}}}, "api/routes/config.py": {"executed_lines": [3, 5, 6, 7, 9, 11, 12, 13, 18, 20, 23, 33, 38, 60, 66, 99, 104, 126, 131, 176, 181, 187, 192], "summary": {"covered_lines": 23, "num_statements": 69, "percent_covered": 33.333333333333336, "percent_covered_display": "33", "missing_lines": 46, "excluded_lines": 0, "percent_statements_covered": 33.333333333333336, "percent_statements_covered_display": "33"}, "missing_lines": [25, 26, 27, 28, 29, 30, 40, 45, 46, 68, 69, 71, 76, 86, 88, 106, 111, 112, 113, 115, 134, 135, 137, 138, 139, 140, 141, 142, 143, 144, 145, 147, 148, 150, 151, 152, 154, 161, 162, 163, 165, 183, 184, 194, 200, 201], "excluded_lines": [], "functions": {"_mask_secrets": {"executed_lines": [], "summary": {"covered_lines": 0, "num_statements": 6, "percent_covered": 0.0, "percent_covered_display": "0", "missing_lines": 6, "excluded_lines": 0, "percent_statements_covered": 0.0, "percent_statements_covered_display": "0"}, "missing_lines": [25, 26, 27, 28, 29, 30], "excluded_lines": [], "start_line": 23}, "list_configs": {"executed_lines": [], "summary": {"covered_lines": 0, "num_statements": 3, "percent_covered": 0.0, "percent_covered_display": "0", "missing_lines": 3, "excluded_lines": 0, "percent_statements_covered": 0.0, "percent_statements_covered_display": "0"}, "missing_lines": [40, 45, 46], "excluded_lines": [], "start_line": 38}, "create_config": {"executed_lines": [], "summary": {"covered_lines": 0, "num_statements": 6, "percent_covered": 0.0, "percent_covered_display": "0", "missing_lines": 6, "excluded_lines": 0, "percent_statements_covered": 0.0, "percent_statements_covered_display": "0"}, "missing_lines": [68, 69, 71, 76, 86, 88], "excluded_lines": [], "start_line": 66}, "get_config": {"executed_lines": [], "summary": {"covered_lines": 0, "num_statements": 5, "percent_covered": 0.0, "percent_covered_display": "0", "missing_lines": 5, "excluded_lines": 0, "percent_statements_covered": 0.0, "percent_statements_covered_display": "0"}, "missing_lines": [106, 111, 112, 113, 115], "excluded_lines": [], "start_line": 104}, "update_config": {"executed_lines": [], "summary": {"covered_lines": 0, "num_statements": 21, "percent_covered": 0.0, "percent_covered_display": "0", "missing_lines": 21, "excluded_lines": 0, "percent_statements_covered": 0.0, "percent_statements_covered_display": "0"}, "missing_lines": [134, 135, 137, 138, 139, 140, 141, 142, 143, 144, 145, 147, 148, 150, 151, 152, 154, 161, 162, 163, 165], "excluded_lines": [], "start_line": 131}, "delete_config": {"executed_lines": [], "summary": {"covered_lines": 0, "num_statements": 2, "percent_covered": 0.0, "percent_covered_display": "0", "missing_lines": 2, "excluded_lines": 0, "percent_statements_covered": 0.0, "percent_statements_covered_display": "0"}, "missing_lines": [183, 184], "excluded_lines": [], "start_line": 181}, "list_configs_by_provider": {"executed_lines": [], "summary": {"covered_lines": 0, "num_statements": 3, "percent_covered": 0.0, "percent_covered_display": "0", "missing_lines": 3, "excluded_lines": 0, "percent_statements_covered": 0.0, "percent_statements_covered_display": "0"}, "missing_lines": [194, 200, 201], "excluded_lines": [], "start_line": 192}, "": {"executed_lines": [3, 5, 6, 7, 9, 11, 12, 13, 18, 20, 23, 33, 38, 60, 66, 99, 104, 126, 131, 176, 181, 187, 192], "summary": {"covered_lines": 23, "num_statements": 23, "percent_covered": 100.0, "percent_covered_display": "100", "missing_lines": 0, "excluded_lines": 0, "percent_statements_covered": 100.0, "percent_statements_covered_display": "100"}, "missing_lines": [], "excluded_lines": [], "start_line": 1}}, "classes": {"": {"executed_lines": [3, 5, 6, 7, 9, 11, 12, 13, 18, 20, 23, 33, 38, 60, 66, 99, 104, 126, 131, 176, 181, 187, 192], "summary": {"covered_lines": 23, "num_statements": 69, "percent_covered": 33.333333333333336, "percent_covered_display": "33", "missing_lines": 46, "excluded_lines": 0, "percent_statements_covered": 33.333333333333336, "percent_statements_covered_display": "33"}, "missing_lines": [25, 26, 27, 28, 29, 30, 40, 45, 46, 68, 69, 71, 76, 86, 88, 106, 111, 112, 113, 115, 134, 135, 137, 138, 139, 140, 141, 142, 143, 144, 145, 147, 148, 150, 151, 152, 154, 161, 162, 163, 165, 183, 184, 194, 200, 201], "excluded_lines": [], "start_line": 1}}}, "api/routes/extractors.py": {"executed_lines": [3, 5, 6, 8, 10, 11, 16, 18, 21, 22, 62, 63, 81, 82, 100, 101, 109, 110], "summary": {"covered_lines": 18, "num_statements": 49, "percent_covered": 36.734693877551024, "percent_covered_display": "37", "missing_lines": 31, "excluded_lines": 0, "percent_statements_covered": 36.734693877551024, "percent_statements_covered_display": "37"}, "missing_lines": [24, 27, 28, 29, 30, 31, 35, 36, 37, 41, 43, 44, 49, 50, 52, 65, 66, 84, 85, 86, 88, 103, 104, 105, 106, 112, 114, 115, 116, 125, 127], "excluded_lines": [], "functions": {"run_extractor": {"executed_lines": [], "summary": {"covered_lines": 0, "num_statements": 15, "percent_covered": 0.0, "percent_covered_display": "0", "missing_lines": 15, "excluded_lines": 0, "percent_statements_covered": 0.0, "percent_statements_covered_display": "0"}, "missing_lines": [24, 27, 28, 29, 30, 31, 35, 36, 37, 41, 43, 44, 49, 50, 52], "excluded_lines": [], "start_line": 22}, "get_status": {"executed_lines": [], "summary": {"covered_lines": 0, "num_statements": 2, "percent_covered": 0.0, "percent_covered_display": "0", "missing_lines": 2, "excluded_lines": 0, "percent_statements_covered": 0.0, "percent_statements_covered_display": "0"}, "missing_lines": [65, 66], "excluded_lines": [], "start_line": 63}, "get_run_detail": {"executed_lines": [], "summary": {"covered_lines": 0, "num_statements": 4, "percent_covered": 0.0, "percent_covered_display": "0", "missing_lines": 4, "excluded_lines": 0, "percent_statements_covered": 0.0, "percent_statements_covered_display": "0"}, "missing_lines": [84, 85, 86, 88], "excluded_lines": [], "start_line": 82}, "cancel_extractor": {"executed_lines": [], "summary": {"covered_lines": 0, "num_statements": 4, "percent_covered": 0.0, "percent_covered_display": "0", "missing_lines": 4, "excluded_lines": 0, "percent_statements_covered": 0.0, "percent_statements_covered_display": "0"}, "missing_lines": [103, 104, 105, 106], "excluded_lines": [], "start_line": 101}, "get_extractor_health": {"executed_lines": [], "summary": {"covered_lines": 0, "num_statements": 6, "percent_covered": 0.0, "percent_covered_display": "0", "missing_lines": 6, "excluded_lines": 0, "percent_statements_covered": 0.0, "percent_statements_covered_display": "0"}, "missing_lines": [112, 114, 115, 116, 125, 127], "excluded_lines": [], "start_line": 110}, "": {"executed_lines": [3, 5, 6, 8, 10, 11, 16, 18, 21, 22, 62, 63, 81, 82, 100, 101, 109, 110], "summary": {"covered_lines": 18, "num_statements": 18, "percent_covered": 100.0, "percent_covered_display": "100", "missing_lines": 0, "excluded_lines": 0, "percent_statements_covered": 100.0, "percent_statements_covered_display": "100"}, "missing_lines": [], "excluded_lines": [], "start_line": 1}}, "classes": {"": {"executed_lines": [3, 5, 6, 8, 10, 11, 16, 18, 21, 22, 62, 63, 81, 82, 100, 101, 109, 110], "summary": {"covered_lines": 18, "num_statements": 49, "percent_covered": 36.734693877551024, "percent_covered_display": "37", "missing_lines": 31, "excluded_lines": 0, "percent_statements_covered": 36.734693877551024, "percent_statements_covered_display": "37"}, "missing_lines": [24, 27, 28, 29, 30, 31, 35, 36, 37, 41, 43, 44, 49, 50, 52, 65, 66, 84, 85, 86, 88, 103, 104, 105, 106, 112, 114, 115, 116, 125, 127], "excluded_lines": [], "start_line": 1}}}, "api/runner.py": {"executed_lines": [3, 5, 6, 7, 8, 9, 10, 11, 13, 15, 17, 20, 21, 24, 28, 37, 68, 106, 228, 241, 266], "summary": {"covered_lines": 21, "num_statements": 139, "percent_covered": 15.107913669064748, "percent_covered_display": "15", "missing_lines": 118, "excluded_lines": 0, "percent_statements_covered": 15.107913669064748, "percent_statements_covered_display": "15"}, "missing_lines": [25, 30, 34, 39, 41, 42, 45, 46, 48, 49, 50, 52, 53, 54, 55, 56, 57, 58, 59, 60, 61, 63, 65, 76, 78, 79, 80, 81, 100, 101, 102, 103, 116, 118, 119, 120, 121, 123, 124, 127, 128, 129, 130, 131, 132, 134, 137, 138, 139, 140, 141, 142, 145, 147, 148, 150, 155, 158, 161, 164, 165, 174, 177, 178, 181, 182, 183, 184, 185, 186, 187, 188, 190, 193, 194, 195, 197, 198, 199, 200, 201, 203, 204, 205, 206, 207, 209, 210, 213, 215, 217, 218, 220, 222, 223, 225, 230, 232, 238, 243, 245, 246, 254, 256, 263, 268, 269, 270, 271, 273, 275, 276, 277, 278, 279, 281, 282, 283], "excluded_lines": [], "functions": {"_get_pg_dsn": {"executed_lines": [], "summary": {"covered_lines": 0, "num_statements": 1, "percent_covered": 0.0, "percent_covered_display": "0", "missing_lines": 1, "excluded_lines": 0, "percent_statements_covered": 0.0, "percent_statements_covered_display": "0"}, "missing_lines": [25], "excluded_lines": [], "start_line": 24}, "_get_extractor_type": {"executed_lines": [], "summary": {"covered_lines": 0, "num_statements": 2, "percent_covered": 0.0, "percent_covered_display": "0", "missing_lines": 2, "excluded_lines": 0, "percent_statements_covered": 0.0, "percent_statements_covered_display": "0"}, "missing_lines": [30, 34], "excluded_lines": [], "start_line": 28}, "_build_env_from_config": {"executed_lines": [], "summary": {"covered_lines": 0, "num_statements": 20, "percent_covered": 0.0, "percent_covered_display": "0", "missing_lines": 20, "excluded_lines": 0, "percent_statements_covered": 0.0, "percent_statements_covered_display": "0"}, "missing_lines": [39, 41, 42, 45, 46, 48, 49, 50, 52, 53, 54, 55, 56, 57, 58, 59, 60, 61, 63, 65], "excluded_lines": [], "start_line": 37}, "_update_run_status": {"executed_lines": [], "summary": {"covered_lines": 0, "num_statements": 9, "percent_covered": 0.0, "percent_covered_display": "0", "missing_lines": 9, "excluded_lines": 0, "percent_statements_covered": 0.0, "percent_statements_covered_display": "0"}, "missing_lines": [76, 78, 79, 80, 81, 100, 101, 102, 103], "excluded_lines": [], "start_line": 68}, "start_extractor": {"executed_lines": [], "summary": {"covered_lines": 0, "num_statements": 36, "percent_covered": 0.0, "percent_covered_display": "0", "missing_lines": 36, "excluded_lines": 0, "percent_statements_covered": 0.0, "percent_statements_covered_display": "0"}, "missing_lines": [116, 118, 119, 120, 121, 123, 124, 127, 128, 129, 130, 131, 132, 134, 137, 138, 139, 140, 141, 142, 145, 147, 148, 150, 155, 158, 161, 164, 165, 174, 177, 178, 181, 222, 223, 225], "excluded_lines": [], "start_line": 106}, "start_extractor.monitor": {"executed_lines": [], "summary": {"covered_lines": 0, "num_statements": 28, "percent_covered": 0.0, "percent_covered_display": "0", "missing_lines": 28, "excluded_lines": 0, "percent_statements_covered": 0.0, "percent_statements_covered_display": "0"}, "missing_lines": [182, 183, 184, 185, 186, 187, 188, 190, 193, 194, 195, 197, 198, 199, 200, 201, 203, 204, 205, 206, 207, 209, 210, 213, 215, 217, 218, 220], "excluded_lines": [], "start_line": 181}, "get_run_status": {"executed_lines": [], "summary": {"covered_lines": 0, "num_statements": 3, "percent_covered": 0.0, "percent_covered_display": "0", "missing_lines": 3, "excluded_lines": 0, "percent_statements_covered": 0.0, "percent_statements_covered_display": "0"}, "missing_lines": [230, 232, 238], "excluded_lines": [], "start_line": 228}, "list_runs": {"executed_lines": [], "summary": {"covered_lines": 0, "num_statements": 6, "percent_covered": 0.0, "percent_covered_display": "0", "missing_lines": 6, "excluded_lines": 0, "percent_statements_covered": 0.0, "percent_statements_covered_display": "0"}, "missing_lines": [243, 245, 246, 254, 256, 263], "excluded_lines": [], "start_line": 241}, "cancel_run": {"executed_lines": [], "summary": {"covered_lines": 0, "num_statements": 13, "percent_covered": 0.0, "percent_covered_display": "0", "missing_lines": 13, "excluded_lines": 0, "percent_statements_covered": 0.0, "percent_statements_covered_display": "0"}, "missing_lines": [268, 269, 270, 271, 273, 275, 276, 277, 278, 279, 281, 282, 283], "excluded_lines": [], "start_line": 266}, "": {"executed_lines": [3, 5, 6, 7, 8, 9, 10, 11, 13, 15, 17, 20, 21, 24, 28, 37, 68, 106, 228, 241, 266], "summary": {"covered_lines": 21, "num_statements": 21, "percent_covered": 100.0, "percent_covered_display": "100", "missing_lines": 0, "excluded_lines": 0, "percent_statements_covered": 100.0, "percent_statements_covered_display": "100"}, "missing_lines": [], "excluded_lines": [], "start_line": 1}}, "classes": {"": {"executed_lines": [3, 5, 6, 7, 8, 9, 10, 11, 13, 15, 17, 20, 21, 24, 28, 37, 68, 106, 228, 241, 266], "summary": {"covered_lines": 21, "num_statements": 139, "percent_covered": 15.107913669064748, "percent_covered_display": "15", "missing_lines": 118, "excluded_lines": 0, "percent_statements_covered": 15.107913669064748, "percent_statements_covered_display": "15"}, "missing_lines": [25, 30, 34, 39, 41, 42, 45, 46, 48, 49, 50, 52, 53, 54, 55, 56, 57, 58, 59, 60, 61, 63, 65, 76, 78, 79, 80, 81, 100, 101, 102, 103, 116, 118, 119, 120, 121, 123, 124, 127, 128, 129, 130, 131, 132, 134, 137, 138, 139, 140, 141, 142, 145, 147, 148, 150, 155, 158, 161, 164, 165, 174, 177, 178, 181, 182, 183, 184, 185, 186, 187, 188, 190, 193, 194, 195, 197, 198, 199, 200, 201, 203, 204, 205, 206, 207, 209, 210, 213, 215, 217, 218, 220, 222, 223, 225, 230, 232, 238, 243, 245, 246, 254, 256, 263, 268, 269, 270, 271, 273, 275, 276, 277, 278, 279, 281, 282, 283], "excluded_lines": [], "start_line": 1}}}, "config/__init__.py": {"executed_lines": [], "summary": {"covered_lines": 0, "num_statements": 0, "percent_covered": 100.0, "percent_covered_display": "100", "missing_lines": 0, "excluded_lines": 0, "percent_statements_covered": 100.0, "percent_statements_covered_display": "100"}, "missing_lines": [], "excluded_lines": [], "functions": {"": {"executed_lines": [], "summary": {"covered_lines": 0, "num_statements": 0, "percent_covered": 100.0, "percent_covered_display": "100", "missing_lines": 0, "excluded_lines": 0, "percent_statements_covered": 100.0, "percent_statements_covered_display": "100"}, "missing_lines": [], "excluded_lines": [], "start_line": 1}}, "classes": {"": {"executed_lines": [], "summary": {"covered_lines": 0, "num_statements": 0, "percent_covered": 100.0, "percent_covered_display": "100", "missing_lines": 0, "excluded_lines": 0, "percent_statements_covered": 100.0, "percent_statements_covered_display": "100"}, "missing_lines": [], "excluded_lines": [], "start_line": 1}}}, "config/__main__.py": {"executed_lines": [], "summary": {"covered_lines": 0, "num_statements": 3, "percent_covered": 0.0, "percent_covered_display": "0", "missing_lines": 3, "excluded_lines": 0, "percent_statements_covered": 0.0, "percent_statements_covered_display": "0"}, "missing_lines": [3, 5, 6], "excluded_lines": [], "functions": {"": {"executed_lines": [], "summary": {"covered_lines": 0, "num_statements": 3, "percent_covered": 0.0, "percent_covered_display": "0", "missing_lines": 3, "excluded_lines": 0, "percent_statements_covered": 0.0, "percent_statements_covered_display": "0"}, "missing_lines": [3, 5, 6], "excluded_lines": [], "start_line": 1}}, "classes": {"": {"executed_lines": [], "summary": {"covered_lines": 0, "num_statements": 3, "percent_covered": 0.0, "percent_covered_display": "0", "missing_lines": 3, "excluded_lines": 0, "percent_statements_covered": 0.0, "percent_statements_covered_display": "0"}, "missing_lines": [3, 5, 6], "excluded_lines": [], "start_line": 1}}}, "config/auth.py": {"executed_lines": [12, 14, 15, 16, 17, 18, 19, 20, 22, 23, 24, 25, 27, 29, 31, 32, 33, 35, 36, 39, 43, 56, 114, 251, 280, 317, 367, 383, 425, 433, 516, 607, 617, 619, 620, 621, 633, 644, 655, 676, 753, 783, 879], "summary": {"covered_lines": 43, "num_statements": 401, "percent_covered": 10.723192019950124, "percent_covered_display": "11", "missing_lines": 358, "excluded_lines": 0, "percent_statements_covered": 10.723192019950124, "percent_statements_covered_display": "11"}, "missing_lines": [40, 44, 45, 46, 47, 48, 68, 69, 71, 72, 74, 75, 86, 94, 95, 96, 98, 100, 107, 108, 109, 111, 131, 133, 135, 137, 138, 147, 148, 150, 151, 153, 154, 155, 156, 157, 158, 159, 166, 167, 170, 171, 172, 173, 180, 182, 183, 184, 185, 186, 192, 193, 196, 198, 200, 201, 202, 203, 205, 206, 209, 211, 212, 213, 214, 216, 217, 218, 219, 220, 221, 224, 226, 229, 230, 232, 241, 242, 243, 245, 248, 253, 254, 256, 262, 263, 265, 267, 268, 270, 271, 272, 282, 283, 285, 286, 287, 289, 294, 299, 301, 302, 303, 310, 311, 312, 313, 314, 319, 320, 322, 323, 324, 325, 326, 327, 328, 331, 333, 339, 341, 346, 347, 349, 350, 352, 353, 354, 355, 360, 361, 362, 364, 369, 370, 372, 373, 374, 375, 376, 377, 380, 387, 388, 390, 391, 393, 394, 395, 396, 397, 399, 404, 405, 407, 408, 410, 411, 416, 417, 419, 420, 422, 427, 428, 429, 430, 447, 454, 455, 456, 457, 460, 461, 462, 465, 466, 467, 473, 474, 475, 476, 477, 478, 483, 484, 485, 491, 492, 493, 494, 495, 496, 497, 498, 500, 501, 502, 503, 504, 505, 507, 508, 521, 522, 523, 525, 527, 528, 529, 530, 533, 534, 535, 537, 539, 548, 549, 551, 552, 553, 554, 555, 556, 557, 558, 561, 562, 563, 564, 566, 567, 568, 569, 572, 573, 576, 577, 578, 579, 581, 582, 585, 586, 587, 588, 589, 590, 591, 594, 600, 601, 602, 604, 625, 635, 636, 637, 638, 639, 640, 641, 646, 647, 648, 649, 650, 651, 652, 657, 658, 659, 660, 661, 662, 663, 664, 665, 666, 686, 688, 691, 692, 697, 700, 701, 716, 717, 718, 719, 720, 723, 727, 728, 737, 739, 740, 742, 743, 745, 746, 750, 763, 765, 766, 768, 773, 775, 776, 780, 785, 787, 788, 791, 792, 793, 798, 801, 802, 807, 812, 814, 818, 819, 820, 821, 823, 824, 825, 826, 828, 829, 830, 836, 839, 840, 841, 842, 843, 848, 849, 850, 853, 854, 856, 857, 858, 861, 862, 863, 864, 865, 870, 871, 872, 875, 876, 880], "excluded_lines": [], "functions": {"_is_headless": {"executed_lines": [], "summary": {"covered_lines": 0, "num_statements": 1, "percent_covered": 0.0, "percent_covered_display": "0", "missing_lines": 1, "excluded_lines": 0, "percent_statements_covered": 0.0, "percent_statements_covered_display": "0"}, "missing_lines": [40], "excluded_lines": [], "start_line": 39}, "_keyring_available": {"executed_lines": [], "summary": {"covered_lines": 0, "num_statements": 5, "percent_covered": 0.0, "percent_covered_display": "0", "missing_lines": 5, "excluded_lines": 0, "percent_statements_covered": 0.0, "percent_statements_covered_display": "0"}, "missing_lines": [44, 45, 46, 47, 48], "excluded_lines": [], "start_line": 43}, "azure_device_flow": {"executed_lines": [], "summary": {"covered_lines": 0, "num_statements": 15, "percent_covered": 0.0, "percent_covered_display": "0", "missing_lines": 15, "excluded_lines": 0, "percent_statements_covered": 0.0, "percent_statements_covered_display": "0"}, "missing_lines": [68, 69, 71, 72, 74, 86, 94, 95, 96, 98, 100, 107, 108, 109, 111], "excluded_lines": [], "start_line": 56}, "azure_device_flow._prompt": {"executed_lines": [], "summary": {"covered_lines": 0, "num_statements": 1, "percent_covered": 0.0, "percent_covered_display": "0", "missing_lines": 1, "excluded_lines": 0, "percent_statements_covered": 0.0, "percent_statements_covered_display": "0"}, "missing_lines": [75], "excluded_lines": [], "start_line": 74}, "azure_auth_interactive": {"executed_lines": [], "summary": {"covered_lines": 0, "num_statements": 59, "percent_covered": 0.0, "percent_covered_display": "0", "missing_lines": 59, "excluded_lines": 0, "percent_statements_covered": 0.0, "percent_statements_covered_display": "0"}, "missing_lines": [131, 133, 135, 137, 138, 147, 148, 150, 151, 153, 154, 155, 156, 157, 158, 159, 166, 167, 170, 171, 172, 173, 180, 182, 183, 184, 185, 186, 192, 193, 196, 198, 200, 201, 202, 203, 205, 206, 209, 211, 212, 213, 214, 216, 217, 218, 219, 220, 221, 224, 226, 229, 230, 232, 241, 242, 243, 245, 248], "excluded_lines": [], "start_line": 114}, "_build_credential_from_meta": {"executed_lines": [], "summary": {"covered_lines": 0, "num_statements": 11, "percent_covered": 0.0, "percent_covered_display": "0", "missing_lines": 11, "excluded_lines": 0, "percent_statements_covered": 0.0, "percent_statements_covered_display": "0"}, "missing_lines": [253, 254, 256, 262, 263, 265, 267, 268, 270, 271, 272], "excluded_lines": [], "start_line": 251}, "_discover_azure_subscriptions": {"executed_lines": [], "summary": {"covered_lines": 0, "num_statements": 16, "percent_covered": 0.0, "percent_covered_display": "0", "missing_lines": 16, "excluded_lines": 0, "percent_statements_covered": 0.0, "percent_statements_covered_display": "0"}, "missing_lines": [282, 283, 285, 286, 287, 289, 294, 299, 301, 302, 303, 310, 311, 312, 313, 314], "excluded_lines": [], "start_line": 280}, "_select_azure_subscriptions": {"executed_lines": [], "summary": {"covered_lines": 0, "num_statements": 25, "percent_covered": 0.0, "percent_covered_display": "0", "missing_lines": 25, "excluded_lines": 0, "percent_statements_covered": 0.0, "percent_statements_covered_display": "0"}, "missing_lines": [319, 320, 322, 323, 324, 325, 326, 327, 328, 331, 333, 339, 341, 346, 347, 349, 350, 352, 353, 354, 355, 360, 361, 362, 364], "excluded_lines": [], "start_line": 317}, "_discover_azure_resource_groups": {"executed_lines": [], "summary": {"covered_lines": 0, "num_statements": 9, "percent_covered": 0.0, "percent_covered_display": "0", "missing_lines": 9, "excluded_lines": 0, "percent_statements_covered": 0.0, "percent_statements_covered_display": "0"}, "missing_lines": [369, 370, 372, 373, 374, 375, 376, 377, 380], "excluded_lines": [], "start_line": 367}, "_select_azure_resource_groups": {"executed_lines": [], "summary": {"covered_lines": 0, "num_statements": 21, "percent_covered": 0.0, "percent_covered_display": "0", "missing_lines": 21, "excluded_lines": 0, "percent_statements_covered": 0.0, "percent_statements_covered_display": "0"}, "missing_lines": [387, 388, 390, 391, 393, 394, 395, 396, 397, 399, 404, 405, 407, 408, 410, 411, 416, 417, 419, 420, 422], "excluded_lines": [], "start_line": 383}, "get_azure_subscription_selections": {"executed_lines": [], "summary": {"covered_lines": 0, "num_statements": 4, "percent_covered": 0.0, "percent_covered_display": "0", "missing_lines": 4, "excluded_lines": 0, "percent_statements_covered": 0.0, "percent_statements_covered_display": "0"}, "missing_lines": [427, 428, 429, 430], "excluded_lines": [], "start_line": 425}, "get_azure_credential": {"executed_lines": [], "summary": {"covered_lines": 0, "num_statements": 36, "percent_covered": 0.0, "percent_covered_display": "0", "missing_lines": 36, "excluded_lines": 0, "percent_statements_covered": 0.0, "percent_statements_covered_display": "0"}, "missing_lines": [447, 454, 455, 456, 457, 460, 461, 462, 465, 466, 467, 473, 474, 475, 476, 477, 478, 483, 484, 485, 491, 492, 493, 494, 495, 496, 497, 498, 500, 501, 502, 503, 504, 505, 507, 508], "excluded_lines": [], "start_line": 433}, "gcp_auth_interactive": {"executed_lines": [], "summary": {"covered_lines": 0, "num_statements": 51, "percent_covered": 0.0, "percent_covered_display": "0", "missing_lines": 51, "excluded_lines": 0, "percent_statements_covered": 0.0, "percent_statements_covered_display": "0"}, "missing_lines": [521, 522, 523, 525, 527, 528, 529, 530, 533, 534, 535, 537, 539, 548, 549, 551, 552, 553, 554, 555, 556, 557, 558, 561, 562, 563, 564, 566, 567, 568, 569, 572, 573, 576, 577, 578, 579, 581, 582, 585, 586, 587, 588, 589, 590, 591, 594, 600, 601, 602, 604], "excluded_lines": [], "start_line": 516}, "get_gcp_credentials": {"executed_lines": [617, 619, 620, 621], "summary": {"covered_lines": 4, "num_statements": 5, "percent_covered": 80.0, "percent_covered_display": "80", "missing_lines": 1, "excluded_lines": 0, "percent_statements_covered": 80.0, "percent_statements_covered_display": "80"}, "missing_lines": [625], "excluded_lines": [], "start_line": 607}, "get_saved_azure_meta": {"executed_lines": [], "summary": {"covered_lines": 0, "num_statements": 7, "percent_covered": 0.0, "percent_covered_display": "0", "missing_lines": 7, "excluded_lines": 0, "percent_statements_covered": 0.0, "percent_statements_covered_display": "0"}, "missing_lines": [635, 636, 637, 638, 639, 640, 641], "excluded_lines": [], "start_line": 633}, "get_saved_gcp_meta": {"executed_lines": [], "summary": {"covered_lines": 0, "num_statements": 7, "percent_covered": 0.0, "percent_covered_display": "0", "missing_lines": 7, "excluded_lines": 0, "percent_statements_covered": 0.0, "percent_statements_covered_display": "0"}, "missing_lines": [646, 647, 648, 649, 650, 651, 652], "excluded_lines": [], "start_line": 644}, "clear_credentials": {"executed_lines": [], "summary": {"covered_lines": 0, "num_statements": 10, "percent_covered": 0.0, "percent_covered_display": "0", "missing_lines": 10, "excluded_lines": 0, "percent_statements_covered": 0.0, "percent_statements_covered_display": "0"}, "missing_lines": [657, 658, 659, 660, 661, 662, 663, 664, 665, 666], "excluded_lines": [], "start_line": 655}, "push_config_to_api": {"executed_lines": [], "summary": {"covered_lines": 0, "num_statements": 23, "percent_covered": 0.0, "percent_covered_display": "0", "missing_lines": 23, "excluded_lines": 0, "percent_statements_covered": 0.0, "percent_statements_covered_display": "0"}, "missing_lines": [686, 688, 691, 692, 697, 700, 701, 716, 717, 718, 719, 720, 723, 727, 728, 737, 739, 740, 742, 743, 745, 746, 750], "excluded_lines": [], "start_line": 676}, "run_extractor_via_api": {"executed_lines": [], "summary": {"covered_lines": 0, "num_statements": 8, "percent_covered": 0.0, "percent_covered_display": "0", "missing_lines": 8, "excluded_lines": 0, "percent_statements_covered": 0.0, "percent_statements_covered_display": "0"}, "missing_lines": [763, 765, 766, 768, 773, 775, 776, 780], "excluded_lines": [], "start_line": 753}, "main": {"executed_lines": [], "summary": {"covered_lines": 0, "num_statements": 47, "percent_covered": 0.0, "percent_covered_display": "0", "missing_lines": 47, "excluded_lines": 0, "percent_statements_covered": 0.0, "percent_statements_covered_display": "0"}, "missing_lines": [785, 787, 788, 791, 792, 793, 798, 801, 802, 807, 812, 814, 818, 819, 820, 821, 823, 824, 825, 826, 828, 829, 830, 836, 839, 840, 841, 842, 843, 848, 849, 850, 853, 854, 856, 857, 858, 861, 862, 863, 864, 865, 870, 871, 872, 875, 876], "excluded_lines": [], "start_line": 783}, "": {"executed_lines": [12, 14, 15, 16, 17, 18, 19, 20, 22, 23, 24, 25, 27, 29, 31, 32, 33, 35, 36, 39, 43, 56, 114, 251, 280, 317, 367, 383, 425, 433, 516, 607, 633, 644, 655, 676, 753, 783, 879], "summary": {"covered_lines": 39, "num_statements": 40, "percent_covered": 97.5, "percent_covered_display": "98", "missing_lines": 1, "excluded_lines": 0, "percent_statements_covered": 97.5, "percent_statements_covered_display": "98"}, "missing_lines": [880], "excluded_lines": [], "start_line": 1}}, "classes": {"": {"executed_lines": [12, 14, 15, 16, 17, 18, 19, 20, 22, 23, 24, 25, 27, 29, 31, 32, 33, 35, 36, 39, 43, 56, 114, 251, 280, 317, 367, 383, 425, 433, 516, 607, 617, 619, 620, 621, 633, 644, 655, 676, 753, 783, 879], "summary": {"covered_lines": 43, "num_statements": 401, "percent_covered": 10.723192019950124, "percent_covered_display": "11", "missing_lines": 358, "excluded_lines": 0, "percent_statements_covered": 10.723192019950124, "percent_statements_covered_display": "11"}, "missing_lines": [40, 44, 45, 46, 47, 48, 68, 69, 71, 72, 74, 75, 86, 94, 95, 96, 98, 100, 107, 108, 109, 111, 131, 133, 135, 137, 138, 147, 148, 150, 151, 153, 154, 155, 156, 157, 158, 159, 166, 167, 170, 171, 172, 173, 180, 182, 183, 184, 185, 186, 192, 193, 196, 198, 200, 201, 202, 203, 205, 206, 209, 211, 212, 213, 214, 216, 217, 218, 219, 220, 221, 224, 226, 229, 230, 232, 241, 242, 243, 245, 248, 253, 254, 256, 262, 263, 265, 267, 268, 270, 271, 272, 282, 283, 285, 286, 287, 289, 294, 299, 301, 302, 303, 310, 311, 312, 313, 314, 319, 320, 322, 323, 324, 325, 326, 327, 328, 331, 333, 339, 341, 346, 347, 349, 350, 352, 353, 354, 355, 360, 361, 362, 364, 369, 370, 372, 373, 374, 375, 376, 377, 380, 387, 388, 390, 391, 393, 394, 395, 396, 397, 399, 404, 405, 407, 408, 410, 411, 416, 417, 419, 420, 422, 427, 428, 429, 430, 447, 454, 455, 456, 457, 460, 461, 462, 465, 466, 467, 473, 474, 475, 476, 477, 478, 483, 484, 485, 491, 492, 493, 494, 495, 496, 497, 498, 500, 501, 502, 503, 504, 505, 507, 508, 521, 522, 523, 525, 527, 528, 529, 530, 533, 534, 535, 537, 539, 548, 549, 551, 552, 553, 554, 555, 556, 557, 558, 561, 562, 563, 564, 566, 567, 568, 569, 572, 573, 576, 577, 578, 579, 581, 582, 585, 586, 587, 588, 589, 590, 591, 594, 600, 601, 602, 604, 625, 635, 636, 637, 638, 639, 640, 641, 646, 647, 648, 649, 650, 651, 652, 657, 658, 659, 660, 661, 662, 663, 664, 665, 666, 686, 688, 691, 692, 697, 700, 701, 716, 717, 718, 719, 720, 723, 727, 728, 737, 739, 740, 742, 743, 745, 746, 750, 763, 765, 766, 768, 773, 775, 776, 780, 785, 787, 788, 791, 792, 793, 798, 801, 802, 807, 812, 814, 818, 819, 820, 821, 823, 824, 825, 826, 828, 829, 830, 836, 839, 840, 841, 842, 843, 848, 849, 850, 853, 854, 856, 857, 858, 861, 862, 863, 864, 865, 870, 871, 872, 875, 876, 880], "excluded_lines": [], "start_line": 1}}}, "config/schema.py": {"executed_lines": [], "summary": {"covered_lines": 0, "num_statements": 123, "percent_covered": 0.0, "percent_covered_display": "0", "missing_lines": 123, "excluded_lines": 0, "percent_statements_covered": 0.0, "percent_statements_covered_display": "0"}, "missing_lines": [8, 10, 11, 12, 14, 22, 25, 26, 34, 37, 38, 39, 43, 47, 50, 54, 55, 58, 61, 62, 66, 69, 72, 74, 75, 76, 77, 78, 79, 80, 81, 82, 86, 87, 88, 92, 100, 103, 104, 105, 106, 107, 111, 115, 118, 119, 120, 123, 128, 131, 132, 134, 135, 136, 139, 140, 143, 151, 154, 155, 158, 161, 166, 171, 183, 186, 187, 188, 189, 190, 191, 193, 194, 195, 196, 204, 207, 208, 209, 210, 211, 212, 213, 223, 226, 229, 230, 232, 233, 235, 238, 242, 244, 245, 247, 248, 249, 250, 251, 252, 254, 256, 258, 259, 260, 261, 262, 263, 264, 265, 266, 267, 268, 270, 271, 272, 273, 274, 275, 276, 277, 278, 280], "excluded_lines": [], "functions": {"GCPConfig.validate_projects": {"executed_lines": [], "summary": {"covered_lines": 0, "num_statements": 10, "percent_covered": 0.0, "percent_covered_display": "0", "missing_lines": 10, "excluded_lines": 0, "percent_statements_covered": 0.0, "percent_statements_covered_display": "0"}, "missing_lines": [77, 78, 79, 80, 81, 82, 86, 87, 88, 92], "excluded_lines": [], "start_line": 76}, "AzureConfig.at_least_one_subscription": {"executed_lines": [], "summary": {"covered_lines": 0, "num_statements": 3, "percent_covered": 0.0, "percent_covered_display": "0", "missing_lines": 3, "excluded_lines": 0, "percent_statements_covered": 0.0, "percent_statements_covered_display": "0"}, "missing_lines": [139, 140, 143], "excluded_lines": [], "start_line": 136}, "PostgreSQLConfig.dsn": {"executed_lines": [], "summary": {"covered_lines": 0, "num_statements": 2, "percent_covered": 0.0, "percent_covered_display": "0", "missing_lines": 2, "excluded_lines": 0, "percent_statements_covered": 0.0, "percent_statements_covered_display": "0"}, "missing_lines": [195, 196], "excluded_lines": [], "start_line": 194}, "ClientConfig.enabled_providers": {"executed_lines": [], "summary": {"covered_lines": 0, "num_statements": 6, "percent_covered": 0.0, "percent_covered_display": "0", "missing_lines": 6, "excluded_lines": 0, "percent_statements_covered": 0.0, "percent_statements_covered_display": "0"}, "missing_lines": [247, 248, 249, 250, 251, 252], "excluded_lines": [], "start_line": 245}, "ClientConfig.to_env_dict": {"executed_lines": [], "summary": {"covered_lines": 0, "num_statements": 22, "percent_covered": 0.0, "percent_covered_display": "0", "missing_lines": 22, "excluded_lines": 0, "percent_statements_covered": 0.0, "percent_statements_covered_display": "0"}, "missing_lines": [256, 258, 259, 260, 261, 262, 263, 264, 265, 266, 267, 268, 270, 271, 272, 273, 274, 275, 276, 277, 278, 280], "excluded_lines": [], "start_line": 254}, "": {"executed_lines": [], "summary": {"covered_lines": 0, "num_statements": 80, "percent_covered": 0.0, "percent_covered_display": "0", "missing_lines": 80, "excluded_lines": 0, "percent_statements_covered": 0.0, "percent_statements_covered_display": "0"}, "missing_lines": [8, 10, 11, 12, 14, 22, 25, 26, 34, 37, 38, 39, 43, 47, 50, 54, 55, 58, 61, 62, 66, 69, 72, 74, 75, 76, 100, 103, 104, 105, 106, 107, 111, 115, 118, 119, 120, 123, 128, 131, 132, 134, 135, 136, 151, 154, 155, 158, 161, 166, 171, 183, 186, 187, 188, 189, 190, 191, 193, 194, 204, 207, 208, 209, 210, 211, 212, 213, 223, 226, 229, 230, 232, 233, 235, 238, 242, 244, 245, 254], "excluded_lines": [], "start_line": 1}}, "classes": {"GCPIngestionMode": {"executed_lines": [], "summary": {"covered_lines": 0, "num_statements": 0, "percent_covered": 100.0, "percent_covered_display": "100", "missing_lines": 0, "excluded_lines": 0, "percent_statements_covered": 100.0, "percent_statements_covered_display": "100"}, "missing_lines": [], "excluded_lines": [], "start_line": 22}, "GCPProjectConfig": {"executed_lines": [], "summary": {"covered_lines": 0, "num_statements": 0, "percent_covered": 100.0, "percent_covered_display": "100", "missing_lines": 0, "excluded_lines": 0, "percent_statements_covered": 100.0, "percent_statements_covered_display": "100"}, "missing_lines": [], "excluded_lines": [], "start_line": 34}, "GCPConfig": {"executed_lines": [], "summary": {"covered_lines": 0, "num_statements": 10, "percent_covered": 0.0, "percent_covered_display": "0", "missing_lines": 10, "excluded_lines": 0, "percent_statements_covered": 0.0, "percent_statements_covered_display": "0"}, "missing_lines": [77, 78, 79, 80, 81, 82, 86, 87, 88, 92], "excluded_lines": [], "start_line": 58}, "AzureSubscriptionConfig": {"executed_lines": [], "summary": {"covered_lines": 0, "num_statements": 0, "percent_covered": 100.0, "percent_covered_display": "100", "missing_lines": 0, "excluded_lines": 0, "percent_statements_covered": 100.0, "percent_statements_covered_display": "100"}, "missing_lines": [], "excluded_lines": [], "start_line": 100}, "AzureConfig": {"executed_lines": [], "summary": {"covered_lines": 0, "num_statements": 3, "percent_covered": 0.0, "percent_covered_display": "0", "missing_lines": 3, "excluded_lines": 0, "percent_statements_covered": 0.0, "percent_statements_covered_display": "0"}, "missing_lines": [139, 140, 143], "excluded_lines": [], "start_line": 128}, "AggregationSettings": {"executed_lines": [], "summary": {"covered_lines": 0, "num_statements": 0, "percent_covered": 100.0, "percent_covered_display": "100", "missing_lines": 0, "excluded_lines": 0, "percent_statements_covered": 100.0, "percent_statements_covered_display": "100"}, "missing_lines": [], "excluded_lines": [], "start_line": 151}, "AggregationConfig": {"executed_lines": [], "summary": {"covered_lines": 0, "num_statements": 0, "percent_covered": 100.0, "percent_covered_display": "100", "missing_lines": 0, "excluded_lines": 0, "percent_statements_covered": 100.0, "percent_statements_covered_display": "100"}, "missing_lines": [], "excluded_lines": [], "start_line": 158}, "PostgreSQLConfig": {"executed_lines": [], "summary": {"covered_lines": 0, "num_statements": 2, "percent_covered": 0.0, "percent_covered_display": "0", "missing_lines": 2, "excluded_lines": 0, "percent_statements_covered": 0.0, "percent_statements_covered_display": "0"}, "missing_lines": [195, 196], "excluded_lines": [], "start_line": 183}, "SupersetConfig": {"executed_lines": [], "summary": {"covered_lines": 0, "num_statements":
[...]
ng_lines": 0, "excluded_lines": 0, "percent_statements_covered": 100.0, "percent_statements_covered_display": "100"}, "missing_lines": [], "excluded_lines": [], "start_line": 192}, "TestPatternSanitization.test_gcp_private_key_sanitized": {"executed_lines": [201, 202, 204], "summary": {"covered_lines": 3, "num_statements": 4, "percent_covered": 75.0, "percent_covered_display": "75", "missing_lines": 1, "excluded_lines": 0, "percent_statements_covered": 75.0, "percent_statements_covered_display": "75"}, "missing_lines": [205], "excluded_lines": [], "start_line": 199}, "TestPatternSanitization.test_gcp_private_key_id_sanitized": {"executed_lines": [209, 210, 212], "summary": {"covered_lines": 3, "num_statements": 3, "percent_covered": 100.0, "percent_covered_display": "100", "missing_lines": 0, "excluded_lines": 0, "percent_statements_covered": 100.0, "percent_statements_covered_display": "100"}, "missing_lines": [], "excluded_lines": [], "start_line": 207}, "TestPatternSanitization.test_azure_env_vars_sanitized": {"executed_lines": [216, 217, 219, 220], "summary": {"covered_lines": 4, "num_statements": 4, "percent_covered": 100.0, "percent_covered_display": "100", "missing_lines": 0, "excluded_lines": 0, "percent_statements_covered": 100.0, "percent_statements_covered_display": "100"}, "missing_lines": [], "excluded_lines": [], "start_line": 214}, "TestPatternSanitization.test_pg_dsn_sanitized": {"executed_lines": [224, 225, 227], "summary": {"covered_lines": 3, "num_statements": 3, "percent_covered": 100.0, "percent_covered_display": "100", "missing_lines": 0, "excluded_lines": 0, "percent_statements_covered": 100.0, "percent_statements_covered_display": "100"}, "missing_lines": [], "excluded_lines": [], "start_line": 222}, "TestPatternSanitization.test_generic_secret_sanitized": {"executed_lines": [231, 232, 234], "summary": {"covered_lines": 3, "num_statements": 3, "percent_covered": 100.0, "percent_covered_display": "100", "missing_lines": 0, "excluded_lines": 0, "percent_statements_covered": 100.0, "percent_statements_covered_display": "100"}, "missing_lines": [], "excluded_lines": [], "start_line": 229}, "": {"executed_lines": [3, 5, 7, 10, 13, 20, 27, 34, 41, 48, 55, 62, 69, 76, 83, 90, 97, 104, 111, 118, 125, 132, 139, 144, 147, 155, 162, 169, 176, 184, 192, 199, 207, 214, 222, 229, 237], "summary": {"covered_lines": 37, "num_statements": 38, "percent_covered": 97.36842105263158, "percent_covered_display": "97", "missing_lines": 1, "excluded_lines": 0, "percent_statements_covered": 97.36842105263158, "percent_statements_covered_display": "97"}, "missing_lines": [238], "excluded_lines": [], "start_line": 1}}, "classes": {"TestAllSanitizationPatterns": {"executed_lines": [15, 16, 18, 22, 23, 25, 29, 30, 32, 36, 37, 39, 43, 44, 46, 50, 51, 53, 57, 58, 60, 64, 65, 67, 71, 72, 74, 78, 79, 81, 85, 86, 88, 92, 93, 95, 99, 100, 102, 106, 107, 109, 113, 114, 116, 120, 121, 123, 127, 128, 130, 134, 135, 137, 141], "summary": {"covered_lines": 55, "num_statements": 55, "percent_covered": 100.0, "percent_covered_display": "100", "missing_lines": 0, "excluded_lines": 0, "percent_statements_covered": 100.0, "percent_statements_covered_display": "100"}, "missing_lines": [], "excluded_lines": [], "start_line": 10}, "TestPatternSanitization": {"executed_lines": [149, 150, 152, 153, 157, 158, 160, 164, 165, 167, 171, 172, 174, 178, 179, 181, 182, 186, 187, 189, 190, 194, 195, 197, 201, 202, 204, 209, 210, 212, 216, 217, 219, 220, 224, 225, 227, 231, 232, 234], "summary": {"covered_lines": 40, "num_statements": 41, "percent_covered": 97.5609756097561, "percent_covered_display": "98", "missing_lines": 1, "excluded_lines": 0, "percent_statements_covered": 97.5609756097561, "percent_statements_covered_display": "98"}, "missing_lines": [205], "excluded_lines": [], "start_line": 144}, "": {"executed_lines": [3, 5, 7, 10, 13, 20, 27, 34, 41, 48, 55, 62, 69, 76, 83, 90, 97, 104, 111, 118, 125, 132, 139, 144, 147, 155, 162, 169, 176, 184, 192, 199, 207, 214, 222, 229, 237], "summary": {"covered_lines": 37, "num_statements": 38, "percent_covered": 97.36842105263158, "percent_covered_display": "97", "missing_lines": 1, "excluded_lines": 0, "percent_statements_covered": 97.36842105263158, "percent_statements_covered_display": "97"}, "missing_lines": [238], "excluded_lines": [], "start_line": 1}}}, "tests/test_multi_subscription.py": {"executed_lines": [3, 5, 6, 8, 10, 14, 25, 26, 27, 28, 29, 30, 32, 33, 34, 35, 36, 37, 38, 41, 42, 43, 44, 45, 46, 47, 48, 49, 51, 52, 53, 54, 56, 57, 58, 59, 62, 63, 65, 66, 67, 68, 69, 70, 71, 73, 74, 75, 77, 78, 79, 80, 82, 84, 85, 86, 92, 93, 101, 102, 103, 104, 105, 109, 111, 113, 114, 115, 116, 117, 118, 120, 138, 139, 140, 141, 145, 147, 148, 149, 150, 151, 153, 155, 156, 157, 158, 159, 160, 162, 174, 175, 176, 177, 178, 179, 180, 182, 183, 184, 185, 186, 187, 188, 190, 191, 192, 194, 195, 196, 197, 199, 200, 201, 202, 205, 206, 208, 209, 210, 211, 212, 213, 214, 215, 217, 218, 219, 220, 222, 223, 224, 225, 231, 232, 240, 241, 242, 243, 245, 246, 248, 249, 251, 252, 253, 255, 256, 258, 268, 269], "summary": {"covered_lines": 151, "num_statements": 159, "percent_covered": 94.96855345911949, "percent_covered_display": "95", "missing_lines": 8, "excluded_lines": 0, "percent_statements_covered": 94.96855345911949, "percent_statements_covered_display": "95"}, "missing_lines": [39, 60, 91, 130, 131, 166, 203, 230], "excluded_lines": [], "functions": {"TestDiscoverAzureSubscriptions.test_single_prefixed_subscription": {"executed_lines": [27, 28, 29, 30, 32, 33, 34, 35, 36, 37, 38], "summary": {"covered_lines": 11, "num_statements": 12, "percent_covered": 91.66666666666667, "percent_covered_display": "92", "missing_lines": 1, "excluded_lines": 0, "percent_statements_covered": 91.66666666666667, "percent_statements_covered_display": "92"}, "missing_lines": [39], "excluded_lines": [], "start_line": 26}, "TestDiscoverAzureSubscriptions.test_multiple_subscriptions": {"executed_lines": [42, 43, 44, 45, 46, 47, 48, 49, 51, 52, 53, 54], "summary": {"covered_lines": 12, "num_statements": 12, "percent_covered": 100.0, "percent_covered_display": "100", "missing_lines": 0, "excluded_lines": 0, "percent_statements_covered": 100.0, "percent_statements_covered_display": "100"}, "missing_lines": [], "excluded_lines": [], "start_line": 41}, "TestDiscoverAzureSubscriptions.test_empty_env_returns_empty": {"executed_lines": [57, 58, 59, 62, 63], "summary": {"covered_lines": 5, "num_statements": 6, "percent_covered": 83.33333333333333, "percent_covered_display": "83", "missing_lines": 1, "excluded_lines": 0, "percent_statements_covered": 83.33333333333333, "percent_statements_covered_display": "83"}, "missing_lines": [60], "excluded_lines": [], "start_line": 56}, "TestDiscoverAzureSubscriptions.test_scope_and_mgmt_group_parsed": {"executed_lines": [66, 67, 68, 69, 70, 71, 73, 74, 75], "summary": {"covered_lines": 9, "num_statements": 9, "percent_covered": 100.0, "percent_covered_display": "100", "missing_lines": 0, "excluded_lines": 0, "percent_statements_covered": 100.0, "percent_statements_covered_display": "100"}, "missing_lines": [], "excluded_lines": [], "start_line": 65}, "TestDiscoverAzureSubscriptions.test_empty_subscription_id_skipped": {"executed_lines": [78, 79, 80], "summary": {"covered_lines": 3, "num_statements": 3, "percent_covered": 100.0, "percent_covered_display": "100", "missing_lines": 0, "excluded_lines": 0, "percent_statements_covered": 100.0, "percent_statements_covered_display": "100"}, "missing_lines": [], "excluded_lines": [], "start_line": 77}, "TestDiscoverAzureSubscriptions.test_does_not_match_legacy_single_var": {"executed_lines": [84, 85, 86, 92, 93], "summary": {"covered_lines": 5, "num_statements": 6, "percent_covered": 83.33333333333333, "percent_covered_display": "83", "missing_lines": 1, "excluded_lines": 0, "percent_statements_covered": 83.33333333333333, "percent_statements_covered_display": "83"}, "missing_lines": [91], "excluded_lines": [], "start_line": 82}, "TestAzureMultiSubscriptionRun.test_run_extractor_with_explicit_credentials": {"executed_lines": [109, 111, 113, 114, 115, 116, 117, 118, 120], "summary": {"covered_lines": 9, "num_statements": 11, "percent_covered": 81.81818181818181, "percent_covered_display": "82", "missing_lines": 2, "excluded_lines": 0, "percent_statements_covered": 81.81818181818181, "percent_statements_covered_display": "82"}, "missing_lines": [130, 131], "excluded_lines": [], "start_line": 105}, "TestAzureMultiSubscriptionRun.test_run_extractor_backward_compat": {"executed_lines": [145, 147, 148, 149, 150, 151, 153, 155, 156, 157, 158, 159, 160, 162], "summary": {"covered_lines": 14, "num_statements": 15, "percent_covered": 93.33333333333333, "percent_covered_display": "93", "missing_lines": 1, "excluded_lines": 0, "percent_statements_covered": 93.33333333333333, "percent_statements_covered_display": "93"}, "missing_lines": [166], "excluded_lines": [], "start_line": 141}, "TestDiscoverGcpProjects.test_single_prefixed_project": {"executed_lines": [176, 177, 178, 179, 180, 182, 183, 184, 185, 186, 187, 188], "summary": {"covered_lines": 12, "num_statements": 12, "percent_covered": 100.0, "percent_covered_display": "100", "missing_lines": 0, "excluded_lines": 0, "percent_statements_covered": 100.0, "percent_statements_covered_display": "100"}, "missing_lines": [], "excluded_lines": [], "start_line": 175}, "TestDiscoverGcpProjects.test_multiple_projects": {"executed_lines": [191, 192, 194, 195, 196, 197], "summary": {"covered_lines": 6, "num_statements": 6, "percent_covered": 100.0, "percent_covered_display": "100", "missing_lines": 0, "excluded_lines": 0, "percent_statements_covered": 100.0, "percent_statements_covered_display": "100"}, "missing_lines": [], "excluded_lines": [], "start_line": 190}, "TestDiscoverGcpProjects.test_empty_env_returns_empty": {"executed_lines": [200, 201, 202, 205, 206], "summary": {"covered_lines": 5, "num_statements": 6, "percent_covered": 83.33333333333333, "percent_covered_display": "83", "missing_lines": 1, "excluded_lines": 0, "percent_statements_covered": 83.33333333333333, "percent_statements_covered_display": "83"}, "missing_lines": [203], "excluded_lines": [], "start_line": 199}, "TestDiscoverGcpProjects.test_defaults_when_partial_env": {"executed_lines": [209, 210, 211, 212, 213, 214, 215], "summary": {"covered_lines": 7, "num_statements": 7, "percent_covered": 100.0, "percent_covered_display": "100", "missing_lines": 0, "excluded_lines": 0, "percent_statements_covered": 100.0, "percent_statements_covered_display": "100"}, "missing_lines": [], "excluded_lines": [], "start_line": 208}, "TestDiscoverGcpProjects.test_empty_project_id_skipped": {"executed_lines": [218, 219, 220], "summary": {"covered_lines": 3, "num_statements": 3, "percent_covered": 100.0, "percent_covered_display": "100", "missing_lines": 0, "excluded_lines": 0, "percent_statements_covered": 100.0, "percent_statements_covered_display": "100"}, "missing_lines": [], "excluded_lines": [], "start_line": 217}, "TestDiscoverGcpProjects.test_does_not_match_legacy_single_var": {"executed_lines": [223, 224, 225, 231, 232], "summary": {"covered_lines": 5, "num_statements": 6, "percent_covered": 83.33333333333333, "percent_covered_display": "83", "missing_lines": 1, "excluded_lines": 0, "percent_statements_covered": 83.33333333333333, "percent_statements_covered_display": "83"}, "missing_lines": [230], "excluded_lines": [], "start_line": 222}, "TestGcpMultiProjectExtract.test_extract_with_custom_health_name": {"executed_lines": [245, 246, 248, 249, 251, 252, 253, 255, 256, 258, 268, 269], "summary": {"covered_lines": 12, "num_statements": 12, "percent_covered": 100.0, "percent_covered_display": "100", "missing_lines": 0, "excluded_lines": 0, "percent_statements_covered": 100.0, "percent_statements_covered_display": "100"}, "missing_lines": [], "excluded_lines": [], "start_line": 243}, "": {"executed_lines": [3, 5, 6, 8, 10, 14, 25, 26, 41, 56, 65, 77, 82, 101, 102, 103, 104, 105, 138, 139, 140, 141, 174, 175, 190, 199, 208, 217, 222, 240, 241, 242, 243], "summary": {"covered_lines": 33, "num_statements": 33, "percent_covered": 100.0, "percent_covered_display": "100", "missing_lines": 0, "excluded_lines": 0, "percent_statements_covered": 100.0, "percent_statements_covered_display": "100"}, "missing_lines": [], "excluded_lines": [], "start_line": 1}}, "classes": {"TestDiscoverAzureSubscriptions": {"executed_lines": [27, 28, 29, 30, 32, 33, 34, 35, 36, 37, 38, 42, 43, 44, 45, 46, 47, 48, 49, 51, 52, 53, 54, 57, 58, 59, 62, 63, 66, 67, 68, 69, 70, 71, 73, 74, 75, 78, 79, 80, 84, 85, 86, 92, 93], "summary": {"covered_lines": 45, "num_statements": 48, "percent_covered": 93.75, "percent_covered_display": "94", "missing_lines": 3, "excluded_lines": 0, "percent_statements_covered": 93.75, "percent_statements_covered_display": "94"}, "missing_lines": [39, 60, 91], "excluded_lines": [], "start_line": 25}, "TestAzureMultiSubscriptionRun": {"executed_lines": [109, 111, 113, 114, 115, 116, 117, 118, 120, 145, 147, 148, 149, 150, 151, 153, 155, 156, 157, 158, 159, 160, 162], "summary": {"covered_lines": 23, "num_statements": 26, "percent_covered": 88.46153846153847, "percent_covered_display": "88", "missing_lines": 3, "excluded_lines": 0, "percent_statements_covered": 88.46153846153847, "percent_statements_covered_display": "88"}, "missing_lines": [130, 131, 166], "excluded_lines": [], "start_line": 101}, "TestDiscoverGcpProjects": {"executed_lines": [176, 177, 178, 179, 180, 182, 183, 184, 185, 186, 187, 188, 191, 192, 194, 195, 196, 197, 200, 201, 202, 205, 206, 209, 210, 211, 212, 213, 214, 215, 218, 219, 220, 223, 224, 225, 231, 232], "summary": {"covered_lines": 38, "num_statements": 40, "percent_covered": 95.0, "percent_covered_display": "95", "missing_lines": 2, "excluded_lines": 0, "percent_statements_covered": 95.0, "percent_statements_covered_display": "95"}, "missing_lines": [203, 230], "excluded_lines": [], "start_line": 174}, "TestGcpMultiProjectExtract": {"executed_lines": [245, 246, 248, 249, 251, 252, 253, 255, 256, 258, 268, 269], "summary": {"covered_lines": 12, "num_statements": 12, "percent_covered": 100.0, "percent_covered_display": "100", "missing_lines": 0, "excluded_lines": 0, "percent_statements_covered": 100.0, "percent_statements_covered_display": "100"}, "missing_lines": [], "excluded_lines": [], "start_line": 240}, "": {"executed_lines": [3, 5, 6, 8, 10, 14, 25, 26, 41, 56, 65, 77, 82, 101, 102, 103, 104, 105, 138, 139, 140, 141, 174, 175, 190, 199, 208, 217, 222, 240, 241, 242, 243], "summary": {"covered_lines": 33, "num_statements": 33, "percent_covered": 100.0, "percent_covered_display": "100", "missing_lines": 0, "excluded_lines": 0, "percent_statements_covered": 100.0, "percent_statements_covered_display": "100"}, "missing_lines": [], "excluded_lines": [], "start_line": 1}}}, "utils/encryption.py": {"executed_lines": [3, 5, 6, 7, 9, 11, 14, 16, 17, 22, 23, 24, 27, 30, 42, 53, 66], "summary": {"covered_lines": 17, "num_statements": 53, "percent_covered": 32.075471698113205, "percent_covered_display": "32", "missing_lines": 36, "excluded_lines": 0, "percent_statements_covered": 32.075471698113205, "percent_statements_covered_display": "32"}, "missing_lines": [18, 19, 20, 21, 32, 33, 34, 35, 37, 38, 39, 44, 45, 46, 47, 48, 49, 50, 55, 56, 57, 58, 59, 60, 61, 62, 63, 68, 69, 70, 71, 72, 73, 74, 75, 76], "excluded_lines": [], "functions": {"_get_encryption_key": {"executed_lines": [16, 17, 22, 23, 24], "summary": {"covered_lines": 5, "num_statements": 9, "percent_covered": 55.55555555555556, "percent_covered_display": "56", "missing_lines": 4, "excluded_lines": 0, "percent_statements_covered": 55.55555555555556, "percent_statements_covered_display": "56"}, "missing_lines": [18, 19, 20, 21], "excluded_lines": [], "start_line": 14}, "encrypt": {"executed_lines": [], "summary": {"covered_lines": 0, "num_statements": 7, "percent_covered": 0.0, "percent_covered_display": "0", "missing_lines": 7, "excluded_lines": 0, "percent_statements_covered": 0.0, "percent_statements_covered_display": "0"}, "missing_lines": [32, 33, 34, 35, 37, 38, 39], "excluded_lines": [], "start_line": 30}, "decrypt": {"executed_lines": [], "summary": {"covered_lines": 0, "num_statements": 7, "percent_covered": 0.0, "percent_covered_display": "0", "missing_lines": 7, "excluded_lines": 0, "percent_statements_covered": 0.0, "percent_statements_covered_display": "0"}, "missing_lines": [44, 45, 46, 47, 48, 49, 50], "excluded_lines": [], "start_line": 42}, "encrypt_config": {"executed_lines": [], "summary": {"covered_lines": 0, "num_statements": 9, "percent_covered": 0.0, "percent_covered_display": "0", "missing_lines": 9, "excluded_lines": 0, "percent_statements_covered": 0.0, "percent_statements_covered_display": "0"}, "missing_lines": [55, 56, 57, 58, 59, 60, 61, 62, 63], "excluded_lines": [], "start_line": 53}, "decrypt_config": {"executed_lines": [], "summary": {"covered_lines": 0, "num_statements": 9, "percent_covered": 0.0, "percent_covered_display": "0", "missing_lines": 9, "excluded_lines": 0, "percent_statements_covered": 0.0, "percent_statements_covered_display": "0"}, "missing_lines": [68, 69, 70, 71, 72, 73, 74, 75, 76], "excluded_lines": [], "start_line": 66}, "": {"executed_lines": [3, 5, 6, 7, 9, 11, 14, 27, 30, 42, 53, 66], "summary": {"covered_lines": 12, "num_statements": 12, "percent_covered": 100.0, "percent_covered_display": "100", "missing_lines": 0, "excluded_lines": 0, "percent_statements_covered": 100.0, "percent_statements_covered_display": "100"}, "missing_lines": [], "excluded_lines": [], "start_line": 1}}, "classes": {"": {"executed_lines": [3, 5, 6, 7, 9, 11, 14, 16, 17, 22, 23, 24, 27, 30, 42, 53, 66], "summary": {"covered_lines": 17, "num_statements": 53, "percent_covered": 32.075471698113205, "percent_covered_display": "32", "missing_lines": 36, "excluded_lines": 0, "percent_statements_covered": 32.075471698113205, "percent_statements_covered_display": "32"}, "missing_lines": [18, 19, 20, 21, 32, 33, 34, 35, 37, 38, 39, 44, 45, 46, 47, 48, 49, 50, 55, 56, 57, 58, 59, 60, 61, 62, 63, 68, 69, 70, 71, 72, 73, 74, 75, 76], "excluded_lines": [], "start_line": 1}}}, "utils/log_sanitizer.py": {"executed_lines": [3, 5, 7, 9, 85, 94, 95, 97, 98, 99, 101], "summary": {"covered_lines": 11, "num_statements": 11, "percent_covered": 100.0, "percent_covered_display": "100", "missing_lines": 0, "excluded_lines": 0, "percent_statements_covered": 100.0, "percent_statements_covered_display": "100"}, "missing_lines": [], "excluded_lines": [], "functions": {"sanitize_log": {"executed_lines": [94, 95, 97, 98, 99, 101], "summary": {"covered_lines": 6, "num_statements": 6, "percent_covered": 100.0, "percent_covered_display": "100", "missing_lines": 0, "excluded_lines": 0, "percent_statements_covered": 100.0, "percent_statements_covered_display": "100"}, "missing_lines": [], "excluded_lines": [], "start_line": 85}, "": {"executed_lines": [3, 5, 7, 9, 85], "summary": {"covered_lines": 5, "num_statements": 5, "percent_covered": 100.0, "percent_covered_display": "100", "missing_lines": 0, "excluded_lines": 0, "percent_statements_covered": 100.0, "percent_statements_covered_display": "100"}, "missing_lines": [], "excluded_lines": [], "start_line": 1}}, "classes": {"": {"executed_lines": [3, 5, 7, 9, 85, 94, 95, 97, 98, 99, 101], "summary": {"covered_lines": 11, "num_statements": 11, "percent_covered": 100.0, "percent_covered_display": "100", "missing_lines": 0, "excluded_lines": 0, "percent_statements_covered": 100.0, "percent_statements_covered_display": "100"}, "missing_lines": [], "excluded_lines": [], "start_line": 1}}}}, "totals": {"covered_lines": 2070, "num_statements": 6307, "percent_covered": 32.82067543998732, "percent_covered_display": "33", "missing_lines": 4237, "excluded_lines": 0, "percent_statements_covered": 32.82067543998732, "percent_statements_covered_display": "33"}}